{"/home/yan/Desktop/repo/studio-lite/apps/api/jest.config.ts":{"path":"/home/yan/Desktop/repo/studio-lite/apps/api/jest.config.ts","statementMap":{},"fnMap":{},"branchMap":{},"s":{},"f":{},"b":{},"all":true},"/home/yan/Desktop/repo/studio-lite/apps/api/src/app/classes/download-workspaces.class.ts":{"path":"/home/yan/Desktop/repo/studio-lite/apps/api/src/app/classes/download-workspaces.class.ts","statementMap":{"0":{"start":{"line":51,"column":21},"end":{"line":51,"column":23}},"1":{"start":{"line":52,"column":4},"end":{"line":92,"column":7}},"2":{"start":{"line":53,"column":52},"end":{"line":53,"column":54}},"3":{"start":{"line":54,"column":6},"end":{"line":90,"column":7}},"4":{"start":{"line":55,"column":8},"end":{"line":89,"column":11}},"5":{"start":{"line":56,"column":32},"end":{"line":58,"column":11}},"6":{"start":{"line":57,"column":23},"end":{"line":57,"column":40}},"7":{"start":{"line":59,"column":10},"end":{"line":88,"column":11}},"8":{"start":{"line":60,"column":51},"end":{"line":60,"column":53}},"9":{"start":{"line":61,"column":12},"end":{"line":78,"column":15}},"10":{"start":{"line":62,"column":14},"end":{"line":71,"column":15}},"11":{"start":{"line":63,"column":35},"end":{"line":63,"column":37}},"12":{"start":{"line":64,"column":16},"end":{"line":66,"column":19}},"13":{"start":{"line":65,"column":18},"end":{"line":65,"column":62}},"14":{"start":{"line":67,"column":16},"end":{"line":67,"column":71}},"15":{"start":{"line":69,"column":16},"end":{"line":70,"column":80}},"16":{"start":{"line":72,"column":14},"end":{"line":72,"column":60}},"17":{"start":{"line":72,"column":27},"end":{"line":72,"column":60}},"18":{"start":{"line":73,"column":14},"end":{"line":73,"column":49}},"19":{"start":{"line":74,"column":14},"end":{"line":74,"column":54}},"20":{"start":{"line":75,"column":14},"end":{"line":75,"column":53}},"21":{"start":{"line":76,"column":14},"end":{"line":76,"column":52}},"22":{"start":{"line":77,"column":14},"end":{"line":77,"column":47}},"23":{"start":{"line":79,"column":12},"end":{"line":79,"column":37}},"24":{"start":{"line":81,"column":12},"end":{"line":87,"column":15}},"25":{"start":{"line":91,"column":6},"end":{"line":91,"column":33}},"26":{"start":{"line":93,"column":4},"end":{"line":93,"column":27}},"27":{"start":{"line":97,"column":50},"end":{"line":97,"column":52}},"28":{"start":{"line":98,"column":4},"end":{"line":121,"column":7}},"29":{"start":{"line":99,"column":28},"end":{"line":101,"column":7}},"30":{"start":{"line":100,"column":19},"end":{"line":100,"column":36}},"31":{"start":{"line":102,"column":6},"end":{"line":120,"column":7}},"32":{"start":{"line":103,"column":47},"end":{"line":103,"column":49}},"33":{"start":{"line":104,"column":8},"end":{"line":116,"column":11}},"34":{"start":{"line":105,"column":10},"end":{"line":114,"column":11}},"35":{"start":{"line":106,"column":31},"end":{"line":106,"column":33}},"36":{"start":{"line":107,"column":12},"end":{"line":109,"column":15}},"37":{"start":{"line":108,"column":14},"end":{"line":108,"column":53}},"38":{"start":{"line":110,"column":12},"end":{"line":110,"column":65}},"39":{"start":{"line":112,"column":12},"end":{"line":113,"column":76}},"40":{"start":{"line":115,"column":10},"end":{"line":115,"column":43}},"41":{"start":{"line":117,"column":8},"end":{"line":117,"column":33}},"42":{"start":{"line":119,"column":8},"end":{"line":119,"column":55}},"43":{"start":{"line":122,"column":4},"end":{"line":122,"column":30}},"44":{"start":{"line":126,"column":4},"end":{"line":143,"column":7}},"45":{"start":{"line":127,"column":6},"end":{"line":129,"column":7}},"46":{"start":{"line":128,"column":8},"end":{"line":128,"column":25}},"47":{"start":{"line":130,"column":6},"end":{"line":132,"column":7}},"48":{"start":{"line":131,"column":8},"end":{"line":131,"column":30}},"49":{"start":{"line":133,"column":6},"end":{"line":135,"column":7}},"50":{"start":{"line":134,"column":8},"end":{"line":134,"column":26}},"51":{"start":{"line":136,"column":6},"end":{"line":138,"column":7}},"52":{"start":{"line":137,"column":8},"end":{"line":137,"column":26}},"53":{"start":{"line":139,"column":6},"end":{"line":141,"column":7}},"54":{"start":{"line":140,"column":8},"end":{"line":140,"column":25}},"55":{"start":{"line":142,"column":6},"end":{"line":142,"column":20}},"56":{"start":{"line":153,"column":30},"end":{"line":153,"column":77}},"57":{"start":{"line":154,"column":31},"end":{"line":154,"column":83}},"58":{"start":{"line":155,"column":26},"end":{"line":156,"column":55}},"59":{"start":{"line":156,"column":14},"end":{"line":156,"column":54}},"60":{"start":{"line":156,"column":31},"end":{"line":156,"column":53}},"61":{"start":{"line":158,"column":6},"end":{"line":160,"column":49}},"62":{"start":{"line":162,"column":6},"end":{"line":162,"column":73}},"63":{"start":{"line":163,"column":15},"end":{"line":163,"column":35}},"64":{"start":{"line":164,"column":15},"end":{"line":164,"column":42}},"65":{"start":{"line":165,"column":4},"end":{"line":165,"column":28}},"66":{"start":{"line":166,"column":4},"end":{"line":166,"column":41}},"67":{"start":{"line":167,"column":4},"end":{"line":168,"column":79}},"68":{"start":{"line":169,"column":4},"end":{"line":175,"column":10}},"69":{"start":{"line":170,"column":32},"end":{"line":175,"column":7}},"70":{"start":{"line":176,"column":4},"end":{"line":176,"column":39}},"71":{"start":{"line":177,"column":4},"end":{"line":177,"column":21}},"72":{"start":{"line":178,"column":4},"end":{"line":178,"column":51}},"73":{"start":{"line":188,"column":18},"end":{"line":188,"column":70}},"74":{"start":{"line":189,"column":26},"end":{"line":190,"column":5}},"75":{"start":{"line":189,"column":47},"end":{"line":189,"column":73}},"76":{"start":{"line":191,"column":21},"end":{"line":191,"column":65}},"77":{"start":{"line":192,"column":21},"end":{"line":192,"column":109}},"78":{"start":{"line":193,"column":40},"end":{"line":195,"column":64}},"79":{"start":{"line":194,"column":40},"end":{"line":195,"column":63}},"80":{"start":{"line":196,"column":4},"end":{"line":200,"column":5}},"81":{"start":{"line":197,"column":6},"end":{"line":199,"column":9}},"82":{"start":{"line":198,"column":8},"end":{"line":198,"column":72}},"83":{"start":{"line":202,"column":4},"end":{"line":211,"column":7}},"84":{"start":{"line":203,"column":30},"end":{"line":208,"column":9}},"85":{"start":{"line":203,"column":71},"end":{"line":208,"column":7}},"86":{"start":{"line":209,"column":19},"end":{"line":209,"column":50}},"87":{"start":{"line":210,"column":6},"end":{"line":210,"column":42}},"88":{"start":{"line":215,"column":30},"end":{"line":215,"column":32}},"89":{"start":{"line":216,"column":4},"end":{"line":223,"column":5}},"90":{"start":{"line":217,"column":27},"end":{"line":217,"column":86}},"91":{"start":{"line":217,"column":52},"end":{"line":217,"column":85}},"92":{"start":{"line":218,"column":6},"end":{"line":220,"column":7}},"93":{"start":{"line":219,"column":8},"end":{"line":219,"column":53}},"94":{"start":{"line":222,"column":6},"end":{"line":222,"column":20}},"95":{"start":{"line":224,"column":4},"end":{"line":224,"column":20}},"96":{"start":{"line":228,"column":4},"end":{"line":228,"column":113}},"97":{"start":{"line":228,"column":53},"end":{"line":228,"column":111}},"98":{"start":{"line":232,"column":4},"end":{"line":232,"column":81}},"99":{"start":{"line":232,"column":53},"end":{"line":232,"column":79}},"100":{"start":{"line":236,"column":4},"end":{"line":237,"column":86}},"101":{"start":{"line":236,"column":53},"end":{"line":237,"column":84}},"102":{"start":{"line":241,"column":4},"end":{"line":242,"column":117}},"103":{"start":{"line":242,"column":24},"end":{"line":242,"column":115}},"104":{"start":{"line":246,"column":31},"end":{"line":251,"column":5}},"105":{"start":{"line":252,"column":4},"end":{"line":252,"column":54}},"106":{"start":{"line":252,"column":34},"end":{"line":252,"column":54}},"107":{"start":{"line":253,"column":4},"end":{"line":253,"column":20}},"108":{"start":{"line":257,"column":23},"end":{"line":257,"column":63}},"109":{"start":{"line":258,"column":29},"end":{"line":259,"column":67}},"110":{"start":{"line":260,"column":31},"end":{"line":264,"column":5}},"111":{"start":{"line":265,"column":4},"end":{"line":265,"column":79}},"112":{"start":{"line":265,"column":34},"end":{"line":265,"column":79}},"113":{"start":{"line":266,"column":4},"end":{"line":266,"column":20}},"114":{"start":{"line":270,"column":27},"end":{"line":270,"column":29}},"115":{"start":{"line":271,"column":4},"end":{"line":277,"column":6}},"116":{"start":{"line":273,"column":8},"end":{"line":275,"column":101}},"117":{"start":{"line":274,"column":10},"end":{"line":274,"column":61}},"118":{"start":{"line":275,"column":15},"end":{"line":275,"column":101}},"119":{"start":{"line":275,"column":50},"end":{"line":275,"column":101}},"120":{"start":{"line":278,"column":4},"end":{"line":278,"column":28}},"121":{"start":{"line":285,"column":30},"end":{"line":285,"column":100}},"122":{"start":{"line":286,"column":32},"end":{"line":286,"column":117}},"123":{"start":{"line":287,"column":4},"end":{"line":289,"column":5}},"124":{"start":{"line":288,"column":6},"end":{"line":288,"column":111}},"125":{"start":{"line":290,"column":4},"end":{"line":290,"column":16}},"126":{"start":{"line":294,"column":4},"end":{"line":300,"column":7}},"127":{"start":{"line":296,"column":6},"end":{"line":298,"column":7}},"128":{"start":{"line":297,"column":8},"end":{"line":297,"column":89}},"129":{"start":{"line":299,"column":6},"end":{"line":299,"column":73}},"130":{"start":{"line":307,"column":22},"end":{"line":312,"column":5}},"131":{"start":{"line":313,"column":4},"end":{"line":315,"column":5}},"132":{"start":{"line":314,"column":6},"end":{"line":314,"column":92}},"133":{"start":{"line":316,"column":4},"end":{"line":318,"column":5}},"134":{"start":{"line":317,"column":6},"end":{"line":317,"column":92}},"135":{"start":{"line":319,"column":4},"end":{"line":321,"column":5}},"136":{"start":{"line":320,"column":6},"end":{"line":320,"column":92}},"137":{"start":{"line":322,"column":4},"end":{"line":324,"column":5}},"138":{"start":{"line":323,"column":6},"end":{"line":323,"column":92}},"139":{"start":{"line":325,"column":4},"end":{"line":325,"column":16}},"140":{"start":{"line":333,"column":4},"end":{"line":341,"column":6}},"141":{"start":{"line":347,"column":25},"end":{"line":347,"column":75}},"142":{"start":{"line":348,"column":28},"end":{"line":348,"column":63}},"143":{"start":{"line":349,"column":26},"end":{"line":350,"column":56}},"144":{"start":{"line":351,"column":4},"end":{"line":358,"column":6}},"145":{"start":{"line":355,"column":58},"end":{"line":355,"column":90}},"146":{"start":{"line":365,"column":4},"end":{"line":370,"column":11}},"147":{"start":{"line":366,"column":27},"end":{"line":367,"column":69}},"148":{"start":{"line":368,"column":6},"end":{"line":368,"column":57}},"149":{"start":{"line":368,"column":24},"end":{"line":368,"column":57}},"150":{"start":{"line":369,"column":6},"end":{"line":369,"column":27}},"151":{"start":{"line":374,"column":4},"end":{"line":378,"column":7}},"152":{"start":{"line":375,"column":6},"end":{"line":375,"column":33}},"153":{"start":{"line":375,"column":23},"end":{"line":375,"column":33}},"154":{"start":{"line":376,"column":6},"end":{"line":376,"column":32}},"155":{"start":{"line":376,"column":23},"end":{"line":376,"column":32}},"156":{"start":{"line":377,"column":6},"end":{"line":377,"column":15}},"157":{"start":{"line":386,"column":23},"end":{"line":386,"column":40}},"158":{"start":{"line":387,"column":15},"end":{"line":387,"column":35}},"159":{"start":{"line":388,"column":4},"end":{"line":388,"column":28}},"160":{"start":{"line":389,"column":4},"end":{"line":389,"column":41}},"161":{"start":{"line":390,"column":4},"end":{"line":390,"column":46}},"162":{"start":{"line":391,"column":15},"end":{"line":391,"column":42}},"163":{"start":{"line":392,"column":22},"end":{"line":392,"column":63}},"164":{"start":{"line":393,"column":65},"end":{"line":393,"column":67}},"165":{"start":{"line":394,"column":4},"end":{"line":440,"column":7}},"166":{"start":{"line":395,"column":6},"end":{"line":439,"column":7}},"167":{"start":{"line":396,"column":8},"end":{"line":438,"column":11}},"168":{"start":{"line":397,"column":10},"end":{"line":437,"column":12}},"169":{"start":{"line":399,"column":33},"end":{"line":409,"column":15}},"170":{"start":{"line":410,"column":14},"end":{"line":434,"column":17}},"171":{"start":{"line":411,"column":16},"end":{"line":415,"column":17}},"172":{"start":{"line":412,"column":18},"end":{"line":412,"column":66}},"173":{"start":{"line":414,"column":18},"end":{"line":414,"column":49}},"174":{"start":{"line":417,"column":16},"end":{"line":417,"column":121}},"175":{"start":{"line":417,"column":71},"end":{"line":417,"column":121}},"176":{"start":{"line":418,"column":16},"end":{"line":418,"column":113}},"177":{"start":{"line":418,"column":67},"end":{"line":418,"column":113}},"178":{"start":{"line":419,"column":16},"end":{"line":423,"column":17}},"179":{"start":{"line":420,"column":18},"end":{"line":420,"column":52}},"180":{"start":{"line":422,"column":18},"end":{"line":422,"column":51}},"181":{"start":{"line":424,"column":16},"end":{"line":428,"column":17}},"182":{"start":{"line":425,"column":18},"end":{"line":425,"column":52}},"183":{"start":{"line":427,"column":18},"end":{"line":427,"column":51}},"184":{"start":{"line":429,"column":16},"end":{"line":433,"column":17}},"185":{"start":{"line":430,"column":18},"end":{"line":430,"column":54}},"186":{"start":{"line":432,"column":18},"end":{"line":432,"column":53}},"187":{"start":{"line":435,"column":14},"end":{"line":435,"column":32}},"188":{"start":{"line":441,"column":31},"end":{"line":441,"column":76}},"189":{"start":{"line":442,"column":23},"end":{"line":444,"column":5}},"190":{"start":{"line":443,"column":45},"end":{"line":443,"column":67}},"191":{"start":{"line":445,"column":23},"end":{"line":447,"column":5}},"192":{"start":{"line":446,"column":45},"end":{"line":446,"column":67}},"193":{"start":{"line":448,"column":24},"end":{"line":450,"column":5}},"194":{"start":{"line":449,"column":45},"end":{"line":449,"column":68}},"195":{"start":{"line":451,"column":22},"end":{"line":458,"column":5}},"196":{"start":{"line":459,"column":4},"end":{"line":459,"column":39}},"197":{"start":{"line":461,"column":4},"end":{"line":463,"column":7}},"198":{"start":{"line":462,"column":6},"end":{"line":462,"column":41}},"199":{"start":{"line":464,"column":4},"end":{"line":466,"column":7}},"200":{"start":{"line":465,"column":6},"end":{"line":465,"column":41}},"201":{"start":{"line":467,"column":4},"end":{"line":469,"column":7}},"202":{"start":{"line":468,"column":6},"end":{"line":468,"column":42}},"203":{"start":{"line":471,"column":4},"end":{"line":476,"column":8}},"204":{"start":{"line":471,"column":52},"end":{"line":476,"column":5}},"205":{"start":{"line":477,"column":4},"end":{"line":514,"column":7}},"206":{"start":{"line":478,"column":17},"end":{"line":478,"column":19}},"207":{"start":{"line":479,"column":6},"end":{"line":484,"column":7}},"208":{"start":{"line":480,"column":8},"end":{"line":483,"column":27}},"209":{"start":{"line":485,"column":22},"end":{"line":492,"column":7}},"210":{"start":{"line":493,"column":6},"end":{"line":497,"column":9}},"211":{"start":{"line":494,"column":8},"end":{"line":496,"column":10}},"212":{"start":{"line":498,"column":6},"end":{"line":502,"column":9}},"213":{"start":{"line":499,"column":8},"end":{"line":501,"column":10}},"214":{"start":{"line":503,"column":6},"end":{"line":507,"column":9}},"215":{"start":{"line":504,"column":8},"end":{"line":506,"column":10}},"216":{"start":{"line":509,"column":19},"end":{"line":509,"column":21}},"217":{"start":{"line":510,"column":6},"end":{"line":512,"column":9}},"218":{"start":{"line":511,"column":8},"end":{"line":511,"column":34}},"219":{"start":{"line":513,"column":6},"end":{"line":513,"column":25}},"220":{"start":{"line":515,"column":4},"end":{"line":515,"column":51}}},"fnMap":{"0":{"name":"(anonymous_0)","decl":{"start":{"line":50,"column":2},"end":{"line":50,"column":3}},"loc":{"start":{"line":50,"column":38},"end":{"line":94,"column":3}},"line":50},"1":{"name":"(anonymous_1)","decl":{"start":{"line":52,"column":18},"end":{"line":52,"column":19}},"loc":{"start":{"line":52,"column":26},"end":{"line":92,"column":5}},"line":52},"2":{"name":"(anonymous_2)","decl":{"start":{"line":55,"column":36},"end":{"line":55,"column":37}},"loc":{"start":{"line":55,"column":57},"end":{"line":89,"column":9}},"line":55},"3":{"name":"(anonymous_3)","decl":{"start":{"line":57,"column":12},"end":{"line":57,"column":13}},"loc":{"start":{"line":57,"column":23},"end":{"line":57,"column":40}},"line":57},"4":{"name":"(anonymous_4)","decl":{"start":{"line":61,"column":42},"end":{"line":61,"column":43}},"loc":{"start":{"line":61,"column":51},"end":{"line":78,"column":13}},"line":61},"5":{"name":"(anonymous_5)","decl":{"start":{"line":64,"column":42},"end":{"line":64,"column":43}},"loc":{"start":{"line":64,"column":55},"end":{"line":66,"column":17}},"line":64},"6":{"name":"(anonymous_6)","decl":{"start":{"line":96,"column":2},"end":{"line":96,"column":3}},"loc":{"start":{"line":96,"column":33},"end":{"line":123,"column":3}},"line":96},"7":{"name":"(anonymous_7)","decl":{"start":{"line":98,"column":18},"end":{"line":98,"column":19}},"loc":{"start":{"line":98,"column":26},"end":{"line":121,"column":5}},"line":98},"8":{"name":"(anonymous_8)","decl":{"start":{"line":100,"column":8},"end":{"line":100,"column":9}},"loc":{"start":{"line":100,"column":19},"end":{"line":100,"column":36}},"line":100},"9":{"name":"(anonymous_9)","decl":{"start":{"line":104,"column":38},"end":{"line":104,"column":39}},"loc":{"start":{"line":104,"column":47},"end":{"line":116,"column":9}},"line":104},"10":{"name":"(anonymous_10)","decl":{"start":{"line":107,"column":38},"end":{"line":107,"column":39}},"loc":{"start":{"line":107,"column":51},"end":{"line":109,"column":13}},"line":107},"11":{"name":"(anonymous_11)","decl":{"start":{"line":125,"column":2},"end":{"line":125,"column":3}},"loc":{"start":{"line":125,"column":61},"end":{"line":144,"column":3}},"line":125},"12":{"name":"(anonymous_12)","decl":{"start":{"line":126,"column":23},"end":{"line":126,"column":24}},"loc":{"start":{"line":126,"column":33},"end":{"line":143,"column":5}},"line":126},"13":{"name":"(anonymous_13)","decl":{"start":{"line":146,"column":2},"end":{"line":146,"column":3}},"loc":{"start":{"line":152,"column":21},"end":{"line":179,"column":3}},"line":152},"14":{"name":"(anonymous_14)","decl":{"start":{"line":156,"column":6},"end":{"line":156,"column":7}},"loc":{"start":{"line":156,"column":14},"end":{"line":156,"column":54}},"line":156},"15":{"name":"(anonymous_15)","decl":{"start":{"line":156,"column":25},"end":{"line":156,"column":26}},"loc":{"start":{"line":156,"column":31},"end":{"line":156,"column":53}},"line":156},"16":{"name":"(anonymous_16)","decl":{"start":{"line":170,"column":11},"end":{"line":170,"column":12}},"loc":{"start":{"line":170,"column":32},"end":{"line":175,"column":7}},"line":170},"17":{"name":"(anonymous_17)","decl":{"start":{"line":181,"column":2},"end":{"line":181,"column":3}},"loc":{"start":{"line":187,"column":26},"end":{"line":212,"column":3}},"line":187},"18":{"name":"(anonymous_18)","decl":{"start":{"line":189,"column":39},"end":{"line":189,"column":40}},"loc":{"start":{"line":189,"column":47},"end":{"line":189,"column":73}},"line":189},"19":{"name":"(anonymous_19)","decl":{"start":{"line":194,"column":11},"end":{"line":194,"column":12}},"loc":{"start":{"line":194,"column":40},"end":{"line":195,"column":63}},"line":194},"20":{"name":"(anonymous_20)","decl":{"start":{"line":197,"column":25},"end":{"line":197,"column":26}},"loc":{"start":{"line":197,"column":36},"end":{"line":199,"column":7}},"line":197},"21":{"name":"(anonymous_21)","decl":{"start":{"line":202,"column":23},"end":{"line":202,"column":24}},"loc":{"start":{"line":202,"column":34},"end":{"line":211,"column":5}},"line":202},"22":{"name":"(anonymous_22)","decl":{"start":{"line":203,"column":43},"end":{"line":203,"column":44}},"loc":{"start":{"line":203,"column":71},"end":{"line":208,"column":7}},"line":203},"23":{"name":"(anonymous_23)","decl":{"start":{"line":214,"column":2},"end":{"line":214,"column":3}},"loc":{"start":{"line":214,"column":105},"end":{"line":225,"column":3}},"line":214},"24":{"name":"(anonymous_24)","decl":{"start":{"line":217,"column":41},"end":{"line":217,"column":42}},"loc":{"start":{"line":217,"column":52},"end":{"line":217,"column":85}},"line":217},"25":{"name":"(anonymous_25)","decl":{"start":{"line":227,"column":2},"end":{"line":227,"column":3}},"loc":{"start":{"line":227,"column":75},"end":{"line":229,"column":3}},"line":227},"26":{"name":"(anonymous_26)","decl":{"start":{"line":228,"column":41},"end":{"line":228,"column":42}},"loc":{"start":{"line":228,"column":53},"end":{"line":228,"column":111}},"line":228},"27":{"name":"(anonymous_27)","decl":{"start":{"line":231,"column":2},"end":{"line":231,"column":3}},"loc":{"start":{"line":231,"column":75},"end":{"line":233,"column":3}},"line":231},"28":{"name":"(anonymous_28)","decl":{"start":{"line":232,"column":41},"end":{"line":232,"column":42}},"loc":{"start":{"line":232,"column":53},"end":{"line":232,"column":79}},"line":232},"29":{"name":"(anonymous_29)","decl":{"start":{"line":235,"column":2},"end":{"line":235,"column":3}},"loc":{"start":{"line":235,"column":88},"end":{"line":238,"column":3}},"line":235},"30":{"name":"(anonymous_30)","decl":{"start":{"line":236,"column":41},"end":{"line":236,"column":42}},"loc":{"start":{"line":236,"column":53},"end":{"line":237,"column":84}},"line":236},"31":{"name":"(anonymous_31)","decl":{"start":{"line":240,"column":2},"end":{"line":240,"column":3}},"loc":{"start":{"line":240,"column":88},"end":{"line":243,"column":3}},"line":240},"32":{"name":"(anonymous_32)","decl":{"start":{"line":242,"column":12},"end":{"line":242,"column":13}},"loc":{"start":{"line":242,"column":24},"end":{"line":242,"column":115}},"line":242},"33":{"name":"(anonymous_33)","decl":{"start":{"line":245,"column":2},"end":{"line":245,"column":3}},"loc":{"start":{"line":245,"column":95},"end":{"line":254,"column":3}},"line":245},"34":{"name":"(anonymous_34)","decl":{"start":{"line":256,"column":2},"end":{"line":256,"column":3}},"loc":{"start":{"line":256,"column":109},"end":{"line":267,"column":3}},"line":256},"35":{"name":"(anonymous_35)","decl":{"start":{"line":269,"column":2},"end":{"line":269,"column":3}},"loc":{"start":{"line":269,"column":85},"end":{"line":279,"column":3}},"line":269},"36":{"name":"(anonymous_36)","decl":{"start":{"line":272,"column":6},"end":{"line":272,"column":7}},"loc":{"start":{"line":272,"column":38},"end":{"line":276,"column":7}},"line":272},"37":{"name":"(anonymous_37)","decl":{"start":{"line":281,"column":2},"end":{"line":281,"column":3}},"loc":{"start":{"line":284,"column":25},"end":{"line":291,"column":3}},"line":284},"38":{"name":"(anonymous_38)","decl":{"start":{"line":293,"column":2},"end":{"line":293,"column":3}},"loc":{"start":{"line":293,"column":97},"end":{"line":301,"column":3}},"line":293},"39":{"name":"(anonymous_39)","decl":{"start":{"line":294,"column":21},"end":{"line":294,"column":22}},"loc":{"start":{"line":294,"column":29},"end":{"line":300,"column":5}},"line":294},"40":{"name":"(anonymous_40)","decl":{"start":{"line":303,"column":2},"end":{"line":303,"column":3}},"loc":{"start":{"line":306,"column":25},"end":{"line":326,"column":3}},"line":306},"41":{"name":"(anonymous_41)","decl":{"start":{"line":328,"column":2},"end":{"line":328,"column":3}},"loc":{"start":{"line":332,"column":18},"end":{"line":342,"column":3}},"line":332},"42":{"name":"(anonymous_42)","decl":{"start":{"line":344,"column":2},"end":{"line":344,"column":3}},"loc":{"start":{"line":346,"column":21},"end":{"line":359,"column":3}},"line":346},"43":{"name":"(anonymous_43)","decl":{"start":{"line":355,"column":53},"end":{"line":355,"column":54}},"loc":{"start":{"line":355,"column":58},"end":{"line":355,"column":90}},"line":355},"44":{"name":"(anonymous_44)","decl":{"start":{"line":361,"column":2},"end":{"line":361,"column":3}},"loc":{"start":{"line":364,"column":20},"end":{"line":371,"column":3}},"line":364},"45":{"name":"(anonymous_45)","decl":{"start":{"line":365,"column":34},"end":{"line":365,"column":35}},"loc":{"start":{"line":365,"column":85},"end":{"line":370,"column":5}},"line":365},"46":{"name":"(anonymous_46)","decl":{"start":{"line":373,"column":2},"end":{"line":373,"column":3}},"loc":{"start":{"line":373,"column":87},"end":{"line":379,"column":3}},"line":373},"47":{"name":"(anonymous_47)","decl":{"start":{"line":374,"column":30},"end":{"line":374,"column":31}},"loc":{"start":{"line":374,"column":40},"end":{"line":378,"column":5}},"line":374},"48":{"name":"(anonymous_48)","decl":{"start":{"line":381,"column":2},"end":{"line":381,"column":3}},"loc":{"start":{"line":385,"column":21},"end":{"line":516,"column":3}},"line":385},"49":{"name":"(anonymous_49)","decl":{"start":{"line":394,"column":22},"end":{"line":394,"column":23}},"loc":{"start":{"line":394,"column":31},"end":{"line":440,"column":5}},"line":394},"50":{"name":"(anonymous_50)","decl":{"start":{"line":396,"column":33},"end":{"line":396,"column":34}},"loc":{"start":{"line":396,"column":38},"end":{"line":438,"column":9}},"line":396},"51":{"name":"(anonymous_51)","decl":{"start":{"line":398,"column":57},"end":{"line":398,"column":58}},"loc":{"start":{"line":398,"column":69},"end":{"line":436,"column":13}},"line":398},"52":{"name":"(anonymous_52)","decl":{"start":{"line":410,"column":31},"end":{"line":410,"column":32}},"loc":{"start":{"line":410,"column":36},"end":{"line":434,"column":15}},"line":410},"53":{"name":"(anonymous_53)","decl":{"start":{"line":443,"column":40},"end":{"line":443,"column":41}},"loc":{"start":{"line":443,"column":45},"end":{"line":443,"column":67}},"line":443},"54":{"name":"(anonymous_54)","decl":{"start":{"line":446,"column":40},"end":{"line":446,"column":41}},"loc":{"start":{"line":446,"column":45},"end":{"line":446,"column":67}},"line":446},"55":{"name":"(anonymous_55)","decl":{"start":{"line":449,"column":40},"end":{"line":449,"column":41}},"loc":{"start":{"line":449,"column":45},"end":{"line":449,"column":68}},"line":449},"56":{"name":"(anonymous_56)","decl":{"start":{"line":461,"column":23},"end":{"line":461,"column":24}},"loc":{"start":{"line":461,"column":28},"end":{"line":463,"column":5}},"line":461},"57":{"name":"(anonymous_57)","decl":{"start":{"line":464,"column":23},"end":{"line":464,"column":24}},"loc":{"start":{"line":464,"column":28},"end":{"line":466,"column":5}},"line":464},"58":{"name":"(anonymous_58)","decl":{"start":{"line":467,"column":24},"end":{"line":467,"column":25}},"loc":{"start":{"line":467,"column":29},"end":{"line":469,"column":5}},"line":467},"59":{"name":"(anonymous_59)","decl":{"start":{"line":471,"column":31},"end":{"line":471,"column":32}},"loc":{"start":{"line":471,"column":52},"end":{"line":476,"column":5}},"line":471},"60":{"name":"(anonymous_60)","decl":{"start":{"line":477,"column":31},"end":{"line":477,"column":32}},"loc":{"start":{"line":477,"column":41},"end":{"line":514,"column":5}},"line":477},"61":{"name":"(anonymous_61)","decl":{"start":{"line":493,"column":25},"end":{"line":493,"column":26}},"loc":{"start":{"line":493,"column":38},"end":{"line":497,"column":7}},"line":493},"62":{"name":"(anonymous_62)","decl":{"start":{"line":498,"column":25},"end":{"line":498,"column":26}},"loc":{"start":{"line":498,"column":38},"end":{"line":502,"column":7}},"line":498},"63":{"name":"(anonymous_63)","decl":{"start":{"line":503,"column":26},"end":{"line":503,"column":27}},"loc":{"start":{"line":503,"column":39},"end":{"line":507,"column":7}},"line":503},"64":{"name":"(anonymous_64)","decl":{"start":{"line":510,"column":24},"end":{"line":510,"column":25}},"loc":{"start":{"line":510,"column":39},"end":{"line":512,"column":7}},"line":510}},"branchMap":{"0":{"loc":{"start":{"line":54,"column":6},"end":{"line":90,"column":7}},"type":"if","locations":[{"start":{"line":54,"column":6},"end":{"line":90,"column":7}},{"start":{},"end":{}}],"line":54},"1":{"loc":{"start":{"line":59,"column":10},"end":{"line":88,"column":11}},"type":"if","locations":[{"start":{"line":59,"column":10},"end":{"line":88,"column":11}},{"start":{"line":80,"column":17},"end":{"line":88,"column":11}}],"line":59},"2":{"loc":{"start":{"line":62,"column":14},"end":{"line":71,"column":15}},"type":"if","locations":[{"start":{"line":62,"column":14},"end":{"line":71,"column":15}},{"start":{"line":68,"column":21},"end":{"line":71,"column":15}}],"line":62},"3":{"loc":{"start":{"line":65,"column":37},"end":{"line":65,"column":58}},"type":"binary-expr","locations":[{"start":{"line":65,"column":37},"end":{"line":65,"column":52}},{"start":{"line":65,"column":56},"end":{"line":65,"column":58}}],"line":65},"4":{"loc":{"start":{"line":70,"column":18},"end":{"line":70,"column":79}},"type":"binary-expr","locations":[{"start":{"line":70,"column":18},"end":{"line":70,"column":45}},{"start":{"line":70,"column":49},"end":{"line":70,"column":73}},{"start":{"line":70,"column":77},"end":{"line":70,"column":79}}],"line":70},"5":{"loc":{"start":{"line":72,"column":14},"end":{"line":72,"column":60}},"type":"if","locations":[{"start":{"line":72,"column":14},"end":{"line":72,"column":60}},{"start":{},"end":{}}],"line":72},"6":{"loc":{"start":{"line":72,"column":44},"end":{"line":72,"column":59}},"type":"binary-expr","locations":[{"start":{"line":72,"column":44},"end":{"line":72,"column":52}},{"start":{"line":72,"column":56},"end":{"line":72,"column":59}}],"line":72},"7":{"loc":{"start":{"line":73,"column":34},"end":{"line":73,"column":48}},"type":"binary-expr","locations":[{"start":{"line":73,"column":34},"end":{"line":73,"column":41}},{"start":{"line":73,"column":45},"end":{"line":73,"column":48}}],"line":73},"8":{"loc":{"start":{"line":74,"column":32},"end":{"line":74,"column":53}},"type":"binary-expr","locations":[{"start":{"line":74,"column":32},"end":{"line":74,"column":47}},{"start":{"line":74,"column":51},"end":{"line":74,"column":53}}],"line":74},"9":{"loc":{"start":{"line":75,"column":32},"end":{"line":75,"column":52}},"type":"binary-expr","locations":[{"start":{"line":75,"column":32},"end":{"line":75,"column":46}},{"start":{"line":75,"column":50},"end":{"line":75,"column":52}}],"line":75},"10":{"loc":{"start":{"line":76,"column":29},"end":{"line":76,"column":51}},"type":"binary-expr","locations":[{"start":{"line":76,"column":29},"end":{"line":76,"column":45}},{"start":{"line":76,"column":49},"end":{"line":76,"column":51}}],"line":76},"11":{"loc":{"start":{"line":77,"column":31},"end":{"line":77,"column":46}},"type":"binary-expr","locations":[{"start":{"line":77,"column":31},"end":{"line":77,"column":39}},{"start":{"line":77,"column":43},"end":{"line":77,"column":46}}],"line":77},"12":{"loc":{"start":{"line":82,"column":23},"end":{"line":82,"column":38}},"type":"binary-expr","locations":[{"start":{"line":82,"column":23},"end":{"line":82,"column":31}},{"start":{"line":82,"column":35},"end":{"line":82,"column":38}}],"line":82},"13":{"loc":{"start":{"line":83,"column":25},"end":{"line":83,"column":39}},"type":"binary-expr","locations":[{"start":{"line":83,"column":25},"end":{"line":83,"column":32}},{"start":{"line":83,"column":36},"end":{"line":83,"column":39}}],"line":83},"14":{"loc":{"start":{"line":102,"column":6},"end":{"line":120,"column":7}},"type":"if","locations":[{"start":{"line":102,"column":6},"end":{"line":120,"column":7}},{"start":{"line":118,"column":13},"end":{"line":120,"column":7}}],"line":102},"15":{"loc":{"start":{"line":105,"column":10},"end":{"line":114,"column":11}},"type":"if","locations":[{"start":{"line":105,"column":10},"end":{"line":114,"column":11}},{"start":{"line":111,"column":17},"end":{"line":114,"column":11}}],"line":105},"16":{"loc":{"start":{"line":108,"column":30},"end":{"line":108,"column":51}},"type":"binary-expr","locations":[{"start":{"line":108,"column":30},"end":{"line":108,"column":45}},{"start":{"line":108,"column":49},"end":{"line":108,"column":51}}],"line":108},"17":{"loc":{"start":{"line":113,"column":14},"end":{"line":113,"column":75}},"type":"binary-expr","locations":[{"start":{"line":113,"column":14},"end":{"line":113,"column":41}},{"start":{"line":113,"column":45},"end":{"line":113,"column":69}},{"start":{"line":113,"column":73},"end":{"line":113,"column":75}}],"line":113},"18":{"loc":{"start":{"line":115,"column":27},"end":{"line":115,"column":42}},"type":"binary-expr","locations":[{"start":{"line":115,"column":27},"end":{"line":115,"column":35}},{"start":{"line":115,"column":39},"end":{"line":115,"column":42}}],"line":115},"19":{"loc":{"start":{"line":119,"column":36},"end":{"line":119,"column":51}},"type":"binary-expr","locations":[{"start":{"line":119,"column":36},"end":{"line":119,"column":44}},{"start":{"line":119,"column":48},"end":{"line":119,"column":51}}],"line":119},"20":{"loc":{"start":{"line":127,"column":6},"end":{"line":129,"column":7}},"type":"if","locations":[{"start":{"line":127,"column":6},"end":{"line":129,"column":7}},{"start":{},"end":{}}],"line":127},"21":{"loc":{"start":{"line":130,"column":6},"end":{"line":132,"column":7}},"type":"if","locations":[{"start":{"line":130,"column":6},"end":{"line":132,"column":7}},{"start":{},"end":{}}],"line":130},"22":{"loc":{"start":{"line":133,"column":6},"end":{"line":135,"column":7}},"type":"if","locations":[{"start":{"line":133,"column":6},"end":{"line":135,"column":7}},{"start":{},"end":{}}],"line":133},"23":{"loc":{"start":{"line":136,"column":6},"end":{"line":138,"column":7}},"type":"if","locations":[{"start":{"line":136,"column":6},"end":{"line":138,"column":7}},{"start":{},"end":{}}],"line":136},"24":{"loc":{"start":{"line":139,"column":6},"end":{"line":141,"column":7}},"type":"if","locations":[{"start":{"line":139,"column":6},"end":{"line":141,"column":7}},{"start":{},"end":{}}],"line":139},"25":{"loc":{"start":{"line":158,"column":6},"end":{"line":160,"column":49}},"type":"cond-expr","locations":[{"start":{"line":159,"column":8},"end":{"line":159,"column":44}},{"start":{"line":160,"column":8},"end":{"line":160,"column":49}}],"line":158},"26":{"loc":{"start":{"line":162,"column":6},"end":{"line":162,"column":73}},"type":"cond-expr","locations":[{"start":{"line":162,"column":30},"end":{"line":162,"column":51}},{"start":{"line":162,"column":54},"end":{"line":162,"column":73}}],"line":162},"27":{"loc":{"start":{"line":168,"column":6},"end":{"line":168,"column":78}},"type":"cond-expr","locations":[{"start":{"line":168,"column":30},"end":{"line":168,"column":54}},{"start":{"line":168,"column":57},"end":{"line":168,"column":78}}],"line":168},"28":{"loc":{"start":{"line":192,"column":21},"end":{"line":192,"column":109}},"type":"cond-expr","locations":[{"start":{"line":192,"column":39},"end":{"line":192,"column":104}},{"start":{"line":192,"column":107},"end":{"line":192,"column":109}}],"line":192},"29":{"loc":{"start":{"line":196,"column":4},"end":{"line":200,"column":5}},"type":"if","locations":[{"start":{"line":196,"column":4},"end":{"line":200,"column":5}},{"start":{},"end":{}}],"line":196},"30":{"loc":{"start":{"line":218,"column":6},"end":{"line":220,"column":7}},"type":"if","locations":[{"start":{"line":218,"column":6},"end":{"line":220,"column":7}},{"start":{},"end":{}}],"line":218},"31":{"loc":{"start":{"line":228,"column":53},"end":{"line":228,"column":111}},"type":"binary-expr","locations":[{"start":{"line":228,"column":53},"end":{"line":228,"column":86}},{"start":{"line":228,"column":90},"end":{"line":228,"column":111}}],"line":228},"32":{"loc":{"start":{"line":236,"column":53},"end":{"line":237,"column":84}},"type":"binary-expr","locations":[{"start":{"line":236,"column":53},"end":{"line":236,"column":79}},{"start":{"line":237,"column":7},"end":{"line":237,"column":40}},{"start":{"line":237,"column":44},"end":{"line":237,"column":83}}],"line":236},"33":{"loc":{"start":{"line":242,"column":24},"end":{"line":242,"column":115}},"type":"binary-expr","locations":[{"start":{"line":242,"column":25},"end":{"line":242,"column":58}},{"start":{"line":242,"column":62},"end":{"line":242,"column":83}},{"start":{"line":242,"column":88},"end":{"line":242,"column":115}}],"line":242},"34":{"loc":{"start":{"line":252,"column":4},"end":{"line":252,"column":54}},"type":"if","locations":[{"start":{"line":252,"column":4},"end":{"line":252,"column":54}},{"start":{},"end":{}}],"line":252},"35":{"loc":{"start":{"line":258,"column":29},"end":{"line":259,"column":67}},"type":"cond-expr","locations":[{"start":{"line":258,"column":99},"end":{"line":258,"column":101}},{"start":{"line":259,"column":6},"end":{"line":259,"column":67}}],"line":258},"36":{"loc":{"start":{"line":258,"column":29},"end":{"line":258,"column":96}},"type":"binary-expr","locations":[{"start":{"line":258,"column":29},"end":{"line":258,"column":63}},{"start":{"line":258,"column":67},"end":{"line":258,"column":96}}],"line":258},"37":{"loc":{"start":{"line":262,"column":13},"end":{"line":262,"column":96}},"type":"cond-expr","locations":[{"start":{"line":262,"column":47},"end":{"line":262,"column":77}},{"start":{"line":262,"column":80},"end":{"line":262,"column":96}}],"line":262},"38":{"loc":{"start":{"line":265,"column":4},"end":{"line":265,"column":79}},"type":"if","locations":[{"start":{"line":265,"column":4},"end":{"line":265,"column":79}},{"start":{},"end":{}}],"line":265},"39":{"loc":{"start":{"line":273,"column":8},"end":{"line":275,"column":101}},"type":"if","locations":[{"start":{"line":273,"column":8},"end":{"line":275,"column":101}},{"start":{"line":275,"column":15},"end":{"line":275,"column":101}}],"line":273},"40":{"loc":{"start":{"line":275,"column":15},"end":{"line":275,"column":101}},"type":"if","locations":[{"start":{"line":275,"column":15},"end":{"line":275,"column":101}},{"start":{},"end":{}}],"line":275},"41":{"loc":{"start":{"line":286,"column":32},"end":{"line":286,"column":117}},"type":"binary-expr","locations":[{"start":{"line":286,"column":32},"end":{"line":286,"column":68}},{"start":{"line":286,"column":72},"end":{"line":286,"column":117}}],"line":286},"42":{"loc":{"start":{"line":287,"column":4},"end":{"line":289,"column":5}},"type":"if","locations":[{"start":{"line":287,"column":4},"end":{"line":289,"column":5}},{"start":{},"end":{}}],"line":287},"43":{"loc":{"start":{"line":287,"column":8},"end":{"line":287,"column":51}},"type":"binary-expr","locations":[{"start":{"line":287,"column":8},"end":{"line":287,"column":18}},{"start":{"line":287,"column":22},"end":{"line":287,"column":51}}],"line":287},"44":{"loc":{"start":{"line":296,"column":6},"end":{"line":298,"column":7}},"type":"if","locations":[{"start":{"line":296,"column":6},"end":{"line":298,"column":7}},{"start":{},"end":{}}],"line":296},"45":{"loc":{"start":{"line":313,"column":4},"end":{"line":315,"column":5}},"type":"if","locations":[{"start":{"line":313,"column":4},"end":{"line":315,"column":5}},{"start":{},"end":{}}],"line":313},"46":{"loc":{"start":{"line":313,"column":8},"end":{"line":313,"column":56}},"type":"binary-expr","locations":[{"start":{"line":313,"column":8},"end":{"line":313,"column":24}},{"start":{"line":313,"column":28},"end":{"line":313,"column":56}}],"line":313},"47":{"loc":{"start":{"line":316,"column":4},"end":{"line":318,"column":5}},"type":"if","locations":[{"start":{"line":316,"column":4},"end":{"line":318,"column":5}},{"start":{},"end":{}}],"line":316},"48":{"loc":{"start":{"line":316,"column":8},"end":{"line":316,"column":110}},"type":"binary-expr","locations":[{"start":{"line":316,"column":8},"end":{"line":316,"column":39}},{"start":{"line":316,"column":43},"end":{"line":316,"column":77}},{"start":{"line":316,"column":81},"end":{"line":316,"column":110}}],"line":316},"49":{"loc":{"start":{"line":319,"column":4},"end":{"line":321,"column":5}},"type":"if","locations":[{"start":{"line":319,"column":4},"end":{"line":321,"column":5}},{"start":{},"end":{}}],"line":319},"50":{"loc":{"start":{"line":319,"column":8},"end":{"line":319,"column":94}},"type":"binary-expr","locations":[{"start":{"line":319,"column":8},"end":{"line":319,"column":24}},{"start":{"line":319,"column":28},"end":{"line":319,"column":62}},{"start":{"line":319,"column":66},"end":{"line":319,"column":94}}],"line":319},"51":{"loc":{"start":{"line":322,"column":4},"end":{"line":324,"column":5}},"type":"if","locations":[{"start":{"line":322,"column":4},"end":{"line":324,"column":5}},{"start":{},"end":{}}],"line":322},"52":{"loc":{"start":{"line":334,"column":10},"end":{"line":334,"column":51}},"type":"binary-expr","locations":[{"start":{"line":334,"column":10},"end":{"line":334,"column":30}},{"start":{"line":334,"column":34},"end":{"line":334,"column":51}}],"line":334},"53":{"loc":{"start":{"line":337,"column":26},"end":{"line":339,"column":10}},"type":"cond-expr","locations":[{"start":{"line":338,"column":8},"end":{"line":338,"column":40}},{"start":{"line":339,"column":8},"end":{"line":339,"column":10}}],"line":337},"54":{"loc":{"start":{"line":347,"column":25},"end":{"line":347,"column":75}},"type":"cond-expr","locations":[{"start":{"line":347,"column":39},"end":{"line":347,"column":68}},{"start":{"line":347,"column":71},"end":{"line":347,"column":75}}],"line":347},"55":{"loc":{"start":{"line":348,"column":28},"end":{"line":348,"column":63}},"type":"binary-expr","locations":[{"start":{"line":348,"column":28},"end":{"line":348,"column":57}},{"start":{"line":348,"column":61},"end":{"line":348,"column":63}}],"line":348},"56":{"loc":{"start":{"line":368,"column":6},"end":{"line":368,"column":57}},"type":"if","locations":[{"start":{"line":368,"column":6},"end":{"line":368,"column":57}},{"start":{},"end":{}}],"line":368},"57":{"loc":{"start":{"line":375,"column":6},"end":{"line":375,"column":33}},"type":"if","locations":[{"start":{"line":375,"column":6},"end":{"line":375,"column":33}},{"start":{},"end":{}}],"line":375},"58":{"loc":{"start":{"line":376,"column":6},"end":{"line":376,"column":32}},"type":"if","locations":[{"start":{"line":376,"column":6},"end":{"line":376,"column":32}},{"start":{},"end":{}}],"line":376},"59":{"loc":{"start":{"line":395,"column":6},"end":{"line":439,"column":7}},"type":"if","locations":[{"start":{"line":395,"column":6},"end":{"line":439,"column":7}},{"start":{},"end":{}}],"line":395},"60":{"loc":{"start":{"line":395,"column":10},"end":{"line":395,"column":65}},"type":"binary-expr","locations":[{"start":{"line":395,"column":10},"end":{"line":395,"column":32}},{"start":{"line":395,"column":36},"end":{"line":395,"column":65}}],"line":395},"61":{"loc":{"start":{"line":411,"column":16},"end":{"line":415,"column":17}},"type":"if","locations":[{"start":{"line":411,"column":16},"end":{"line":415,"column":17}},{"start":{"line":413,"column":23},"end":{"line":415,"column":17}}],"line":411},"62":{"loc":{"start":{"line":417,"column":16},"end":{"line":417,"column":121}},"type":"if","locations":[{"start":{"line":417,"column":16},"end":{"line":417,"column":121}},{"start":{},"end":{}}],"line":417},"63":{"loc":{"start":{"line":418,"column":16},"end":{"line":418,"column":113}},"type":"if","locations":[{"start":{"line":418,"column":16},"end":{"line":418,"column":113}},{"start":{},"end":{}}],"line":418},"64":{"loc":{"start":{"line":419,"column":16},"end":{"line":423,"column":17}},"type":"if","locations":[{"start":{"line":419,"column":16},"end":{"line":423,"column":17}},{"start":{"line":421,"column":23},"end":{"line":423,"column":17}}],"line":419},"65":{"loc":{"start":{"line":424,"column":16},"end":{"line":428,"column":17}},"type":"if","locations":[{"start":{"line":424,"column":16},"end":{"line":428,"column":17}},{"start":{"line":426,"column":23},"end":{"line":428,"column":17}}],"line":424},"66":{"loc":{"start":{"line":429,"column":16},"end":{"line":433,"column":17}},"type":"if","locations":[{"start":{"line":429,"column":16},"end":{"line":433,"column":17}},{"start":{"line":431,"column":23},"end":{"line":433,"column":17}}],"line":429},"67":{"loc":{"start":{"line":462,"column":21},"end":{"line":462,"column":39}},"type":"binary-expr","locations":[{"start":{"line":462,"column":21},"end":{"line":462,"column":22}},{"start":{"line":462,"column":26},"end":{"line":462,"column":39}}],"line":462},"68":{"loc":{"start":{"line":465,"column":21},"end":{"line":465,"column":39}},"type":"binary-expr","locations":[{"start":{"line":465,"column":21},"end":{"line":465,"column":22}},{"start":{"line":465,"column":26},"end":{"line":465,"column":39}}],"line":465},"69":{"loc":{"start":{"line":468,"column":21},"end":{"line":468,"column":40}},"type":"binary-expr","locations":[{"start":{"line":468,"column":21},"end":{"line":468,"column":22}},{"start":{"line":468,"column":26},"end":{"line":468,"column":40}}],"line":468},"70":{"loc":{"start":{"line":479,"column":6},"end":{"line":484,"column":7}},"type":"if","locations":[{"start":{"line":479,"column":6},"end":{"line":484,"column":7}},{"start":{},"end":{}}],"line":479},"71":{"loc":{"start":{"line":495,"column":10},"end":{"line":495,"column":68}},"type":"cond-expr","locations":[{"start":{"line":495,"column":38},"end":{"line":495,"column":63}},{"start":{"line":495,"column":66},"end":{"line":495,"column":68}}],"line":495},"72":{"loc":{"start":{"line":500,"column":10},"end":{"line":500,"column":68}},"type":"cond-expr","locations":[{"start":{"line":500,"column":38},"end":{"line":500,"column":63}},{"start":{"line":500,"column":66},"end":{"line":500,"column":68}}],"line":500},"73":{"loc":{"start":{"line":505,"column":10},"end":{"line":505,"column":70}},"type":"cond-expr","locations":[{"start":{"line":505,"column":39},"end":{"line":505,"column":65}},{"start":{"line":505,"column":68},"end":{"line":505,"column":70}}],"line":505}},"s":{"0":0,"1":0,"2":0,"3":0,"4":0,"5":0,"6":0,"7":0,"8":0,"9":0,"10":0,"11":0,"12":0,"13":0,"14":0,"15":0,"16":0,"17":0,"18":0,"19":0,"20":0,"21":0,"22":0,"23":0,"24":0,"25":0,"26":0,"27":0,"28":0,"29":0,"30":0,"31":0,"32":0,"33":0,"34":0,"35":0,"36":0,"37":0,"38":0,"39":0,"40":0,"41":0,"42":0,"43":0,"44":0,"45":0,"46":0,"47":0,"48":0,"49":0,"50":0,"51":0,"52":0,"53":0,"54":0,"55":0,"56":0,"57":0,"58":0,"59":0,"60":0,"61":0,"62":0,"63":0,"64":0,"65":0,"66":0,"67":0,"68":0,"69":0,"70":0,"71":0,"72":0,"73":0,"74":0,"75":0,"76":0,"77":0,"78":0,"79":0,"80":0,"81":0,"82":0,"83":0,"84":0,"85":0,"86":0,"87":0,"88":0,"89":0,"90":0,"91":0,"92":0,"93":0,"94":0,"95":0,"96":0,"97":0,"98":0,"99":0,"100":0,"101":0,"102":0,"103":0,"104":0,"105":0,"106":0,"107":0,"108":0,"109":0,"110":0,"111":0,"112":0,"113":0,"114":0,"115":0,"116":0,"117":0,"118":0,"119":0,"120":0,"121":0,"122":0,"123":0,"124":0,"125":0,"126":0,"127":0,"128":0,"129":0,"130":0,"131":0,"132":0,"133":0,"134":0,"135":0,"136":0,"137":0,"138":0,"139":0,"140":0,"141":0,"142":0,"143":0,"144":0,"145":0,"146":0,"147":0,"148":0,"149":0,"150":0,"151":0,"152":0,"153":0,"154":0,"155":0,"156":0,"157":0,"158":0,"159":0,"160":0,"161":0,"162":0,"163":0,"164":0,"165":0,"166":0,"167":0,"168":0,"169":0,"170":0,"171":0,"172":0,"173":0,"174":0,"175":0,"176":0,"177":0,"178":0,"179":0,"180":0,"181":0,"182":0,"183":0,"184":0,"185":0,"186":0,"187":0,"188":0,"189":0,"190":0,"191":0,"192":0,"193":0,"194":0,"195":0,"196":0,"197":0,"198":0,"199":0,"200":0,"201":0,"202":0,"203":0,"204":0,"205":0,"206":0,"207":0,"208":0,"209":0,"210":0,"211":0,"212":0,"213":0,"214":0,"215":0,"216":0,"217":0,"218":0,"219":0,"220":0},"f":{"0":0,"1":0,"2":0,"3":0,"4":0,"5":0,"6":0,"7":0,"8":0,"9":0,"10":0,"11":0,"12":0,"13":0,"14":0,"15":0,"16":0,"17":0,"18":0,"19":0,"20":0,"21":0,"22":0,"23":0,"24":0,"25":0,"26":0,"27":0,"28":0,"29":0,"30":0,"31":0,"32":0,"33":0,"34":0,"35":0,"36":0,"37":0,"38":0,"39":0,"40":0,"41":0,"42":0,"43":0,"44":0,"45":0,"46":0,"47":0,"48":0,"49":0,"50":0,"51":0,"52":0,"53":0,"54":0,"55":0,"56":0,"57":0,"58":0,"59":0,"60":0,"61":0,"62":0,"63":0,"64":0},"b":{"0":[0,0],"1":[0,0],"2":[0,0],"3":[0,0],"4":[0,0,0],"5":[0,0],"6":[0,0],"7":[0,0],"8":[0,0],"9":[0,0],"10":[0,0],"11":[0,0],"12":[0,0],"13":[0,0],"14":[0,0],"15":[0,0],"16":[0,0],"17":[0,0,0],"18":[0,0],"19":[0,0],"20":[0,0],"21":[0,0],"22":[0,0],"23":[0,0],"24":[0,0],"25":[0,0],"26":[0,0],"27":[0,0],"28":[0,0],"29":[0,0],"30":[0,0],"31":[0,0],"32":[0,0,0],"33":[0,0,0],"34":[0,0],"35":[0,0],"36":[0,0],"37":[0,0],"38":[0,0],"39":[0,0],"40":[0,0],"41":[0,0],"42":[0,0],"43":[0,0],"44":[0,0],"45":[0,0],"46":[0,0],"47":[0,0],"48":[0,0,0],"49":[0,0],"50":[0,0,0],"51":[0,0],"52":[0,0],"53":[0,0],"54":[0,0],"55":[0,0],"56":[0,0],"57":[0,0],"58":[0,0],"59":[0,0],"60":[0,0],"61":[0,0],"62":[0,0],"63":[0,0],"64":[0,0],"65":[0,0],"66":[0,0],"67":[0,0],"68":[0,0],"69":[0,0],"70":[0,0],"71":[0,0],"72":[0,0],"73":[0,0]},"all":true},"/home/yan/Desktop/repo/studio-lite/apps/api/src/app/classes/downloadDocx.class.ts":{"path":"/home/yan/Desktop/repo/studio-lite/apps/api/src/app/classes/downloadDocx.class.ts","statementMap":{"0":{"start":{"line":39,"column":4},"end":{"line":61,"column":5}},"1":{"start":{"line":40,"column":33},"end":{"line":40,"column":35}},"2":{"start":{"line":41,"column":34},"end":{"line":41,"column":36}},"3":{"start":{"line":42,"column":6},"end":{"line":54,"column":9}},"4":{"start":{"line":43,"column":8},"end":{"line":43,"column":60}},"5":{"start":{"line":44,"column":8},"end":{"line":53,"column":9}},"6":{"start":{"line":45,"column":10},"end":{"line":52,"column":12}},"7":{"start":{"line":55,"column":24},"end":{"line":59,"column":7}},"8":{"start":{"line":60,"column":6},"end":{"line":60,"column":46}},"9":{"start":{"line":62,"column":4},"end":{"line":62,"column":14}},"10":{"start":{"line":66,"column":4},"end":{"line":86,"column":7}},"11":{"start":{"line":90,"column":34},"end":{"line":90,"column":36}},"12":{"start":{"line":91,"column":4},"end":{"line":122,"column":5}},"13":{"start":{"line":92,"column":6},"end":{"line":114,"column":9}},"14":{"start":{"line":93,"column":8},"end":{"line":113,"column":9}},"15":{"start":{"line":94,"column":10},"end":{"line":99,"column":14}},"16":{"start":{"line":100,"column":10},"end":{"line":105,"column":14}},"17":{"start":{"line":107,"column":10},"end":{"line":112,"column":14}},"18":{"start":{"line":116,"column":6},"end":{"line":121,"column":10}},"19":{"start":{"line":123,"column":4},"end":{"line":123,"column":20}},"20":{"start":{"line":127,"column":4},"end":{"line":148,"column":6}},"21":{"start":{"line":152,"column":4},"end":{"line":170,"column":6}},"22":{"start":{"line":152,"column":38},"end":{"line":169,"column":6}},"23":{"start":{"line":174,"column":4},"end":{"line":181,"column":8}},"24":{"start":{"line":185,"column":4},"end":{"line":193,"column":7}},"25":{"start":{"line":197,"column":4},"end":{"line":242,"column":7}},"26":{"start":{"line":246,"column":4},"end":{"line":254,"column":7}},"27":{"start":{"line":258,"column":29},"end":{"line":258,"column":85}},"28":{"start":{"line":258,"column":53},"end":{"line":258,"column":84}},"29":{"start":{"line":259,"column":21},"end":{"line":259,"column":23}},"30":{"start":{"line":260,"column":4},"end":{"line":262,"column":7}},"31":{"start":{"line":261,"column":6},"end":{"line":261,"column":36}},"32":{"start":{"line":263,"column":4},"end":{"line":265,"column":5}},"33":{"start":{"line":264,"column":6},"end":{"line":264,"column":16}},"34":{"start":{"line":267,"column":4},"end":{"line":275,"column":7}},"35":{"start":{"line":282,"column":4},"end":{"line":283,"column":76}},"36":{"start":{"line":287,"column":4},"end":{"line":294,"column":7}},"37":{"start":{"line":298,"column":4},"end":{"line":298,"column":67}},"38":{"start":{"line":304,"column":33},"end":{"line":304,"column":35}},"39":{"start":{"line":305,"column":4},"end":{"line":311,"column":7}},"40":{"start":{"line":306,"column":6},"end":{"line":310,"column":62}},"41":{"start":{"line":312,"column":4},"end":{"line":312,"column":21}},"42":{"start":{"line":320,"column":4},"end":{"line":330,"column":6}},"43":{"start":{"line":334,"column":40},"end":{"line":334,"column":42}},"44":{"start":{"line":335,"column":4},"end":{"line":338,"column":7}},"45":{"start":{"line":336,"column":6},"end":{"line":336,"column":27}},"46":{"start":{"line":337,"column":6},"end":{"line":337,"column":73}},"47":{"start":{"line":339,"column":4},"end":{"line":339,"column":20}},"48":{"start":{"line":343,"column":4},"end":{"line":343,"column":34}},"49":{"start":{"line":347,"column":52},"end":{"line":347,"column":106}},"50":{"start":{"line":348,"column":21},"end":{"line":348,"column":24}},"51":{"start":{"line":349,"column":22},"end":{"line":349,"column":25}},"52":{"start":{"line":350,"column":4},"end":{"line":354,"column":5}},"53":{"start":{"line":351,"column":20},"end":{"line":351,"column":88}},"54":{"start":{"line":352,"column":6},"end":{"line":352,"column":55}},"55":{"start":{"line":353,"column":6},"end":{"line":353,"column":57}},"56":{"start":{"line":355,"column":4},"end":{"line":355,"column":27}},"57":{"start":{"line":362,"column":24},"end":{"line":363,"column":84}},"58":{"start":{"line":364,"column":17},"end":{"line":364,"column":55}},"59":{"start":{"line":365,"column":4},"end":{"line":381,"column":6}},"60":{"start":{"line":385,"column":17},"end":{"line":386,"column":19}},"61":{"start":{"line":387,"column":4},"end":{"line":388,"column":44}},"62":{"start":{"line":392,"column":18},"end":{"line":393,"column":19}},"63":{"start":{"line":395,"column":30},"end":{"line":395,"column":39}},"64":{"start":{"line":396,"column":4},"end":{"line":405,"column":5}},"65":{"start":{"line":397,"column":6},"end":{"line":404,"column":7}},"66":{"start":{"line":398,"column":8},"end":{"line":398,"column":28}},"67":{"start":{"line":399,"column":13},"end":{"line":404,"column":7}},"68":{"start":{"line":400,"column":26},"end":{"line":400,"column":63}},"69":{"start":{"line":401,"column":8},"end":{"line":401,"column":83}},"70":{"start":{"line":402,"column":13},"end":{"line":404,"column":7}},"71":{"start":{"line":403,"column":8},"end":{"line":403,"column":78}},"72":{"start":{"line":406,"column":4},"end":{"line":406,"column":23}},"73":{"start":{"line":410,"column":4},"end":{"line":411,"column":34}},"74":{"start":{"line":415,"column":4},"end":{"line":416,"column":35}},"75":{"start":{"line":420,"column":4},"end":{"line":420,"column":41}},"76":{"start":{"line":424,"column":4},"end":{"line":424,"column":39}},"77":{"start":{"line":428,"column":4},"end":{"line":430,"column":6}},"78":{"start":{"line":434,"column":4},"end":{"line":434,"column":65}},"79":{"start":{"line":438,"column":23},"end":{"line":441,"column":14}},"80":{"start":{"line":442,"column":34},"end":{"line":442,"column":36}},"81":{"start":{"line":443,"column":4},"end":{"line":467,"column":9}},"82":{"start":{"line":445,"column":8},"end":{"line":466,"column":9}},"83":{"start":{"line":446,"column":23},"end":{"line":446,"column":52}},"84":{"start":{"line":447,"column":10},"end":{"line":459,"column":11}},"85":{"start":{"line":448,"column":12},"end":{"line":448,"column":82}},"86":{"start":{"line":450,"column":12},"end":{"line":458,"column":53}},"87":{"start":{"line":461,"column":10},"end":{"line":465,"column":13}},"88":{"start":{"line":468,"column":4},"end":{"line":468,"column":63}},"89":{"start":{"line":468,"column":32},"end":{"line":468,"column":61}},"90":{"start":{"line":472,"column":22},"end":{"line":472,"column":96}},"91":{"start":{"line":473,"column":4},"end":{"line":473,"column":62}},"92":{"start":{"line":483,"column":16},"end":{"line":483,"column":26}},"93":{"start":{"line":484,"column":4},"end":{"line":499,"column":7}},"94":{"start":{"line":503,"column":4},"end":{"line":512,"column":5}},"95":{"start":{"line":505,"column":8},"end":{"line":505,"column":36}},"96":{"start":{"line":507,"column":8},"end":{"line":507,"column":35}},"97":{"start":{"line":509,"column":8},"end":{"line":509,"column":39}},"98":{"start":{"line":511,"column":8},"end":{"line":511,"column":34}},"99":{"start":{"line":523,"column":4},"end":{"line":534,"column":7}},"100":{"start":{"line":532,"column":41},"end":{"line":533,"column":76}},"101":{"start":{"line":538,"column":18},"end":{"line":538,"column":91}},"102":{"start":{"line":539,"column":4},"end":{"line":541,"column":5}},"103":{"start":{"line":540,"column":6},"end":{"line":540,"column":13}},"104":{"start":{"line":543,"column":23},"end":{"line":552,"column":5}},"105":{"start":{"line":545,"column":6},"end":{"line":545,"column":27}},"106":{"start":{"line":547,"column":6},"end":{"line":550,"column":7}},"107":{"start":{"line":549,"column":8},"end":{"line":549,"column":67}},"108":{"start":{"line":551,"column":6},"end":{"line":551,"column":53}},"109":{"start":{"line":553,"column":16},"end":{"line":553,"column":41}},"110":{"start":{"line":554,"column":18},"end":{"line":554,"column":43}},"111":{"start":{"line":555,"column":17},"end":{"line":555,"column":42}},"112":{"start":{"line":558,"column":4},"end":{"line":558,"column":30}},"113":{"start":{"line":563,"column":25},"end":{"line":563,"column":112}},"114":{"start":{"line":563,"column":47},"end":{"line":563,"column":112}}},"fnMap":{"0":{"name":"(anonymous_0)","decl":{"start":{"line":37,"column":2},"end":{"line":37,"column":3}},"loc":{"start":{"line":38,"column":93},"end":{"line":63,"column":3}},"line":38},"1":{"name":"(anonymous_1)","decl":{"start":{"line":42,"column":30},"end":{"line":42,"column":31}},"loc":{"start":{"line":42,"column":48},"end":{"line":54,"column":7}},"line":42},"2":{"name":"(anonymous_2)","decl":{"start":{"line":65,"column":2},"end":{"line":65,"column":3}},"loc":{"start":{"line":65,"column":75},"end":{"line":87,"column":3}},"line":65},"3":{"name":"(anonymous_3)","decl":{"start":{"line":89,"column":2},"end":{"line":89,"column":3}},"loc":{"start":{"line":89,"column":75},"end":{"line":124,"column":3}},"line":89},"4":{"name":"(anonymous_4)","decl":{"start":{"line":92,"column":38},"end":{"line":92,"column":39}},"loc":{"start":{"line":92,"column":49},"end":{"line":114,"column":7}},"line":92},"5":{"name":"(anonymous_5)","decl":{"start":{"line":126,"column":2},"end":{"line":126,"column":3}},"loc":{"start":{"line":126,"column":56},"end":{"line":149,"column":3}},"line":126},"6":{"name":"(anonymous_6)","decl":{"start":{"line":151,"column":2},"end":{"line":151,"column":3}},"loc":{"start":{"line":151,"column":109},"end":{"line":171,"column":3}},"line":151},"7":{"name":"(anonymous_7)","decl":{"start":{"line":152,"column":30},"end":{"line":152,"column":31}},"loc":{"start":{"line":152,"column":38},"end":{"line":169,"column":6}},"line":152},"8":{"name":"(anonymous_8)","decl":{"start":{"line":173,"column":2},"end":{"line":173,"column":3}},"loc":{"start":{"line":173,"column":64},"end":{"line":182,"column":3}},"line":173},"9":{"name":"(anonymous_9)","decl":{"start":{"line":184,"column":2},"end":{"line":184,"column":3}},"loc":{"start":{"line":184,"column":81},"end":{"line":194,"column":3}},"line":184},"10":{"name":"(anonymous_10)","decl":{"start":{"line":196,"column":2},"end":{"line":196,"column":3}},"loc":{"start":{"line":196,"column":86},"end":{"line":243,"column":3}},"line":196},"11":{"name":"(anonymous_11)","decl":{"start":{"line":245,"column":2},"end":{"line":245,"column":3}},"loc":{"start":{"line":245,"column":74},"end":{"line":255,"column":3}},"line":245},"12":{"name":"(anonymous_12)","decl":{"start":{"line":257,"column":2},"end":{"line":257,"column":3}},"loc":{"start":{"line":257,"column":110},"end":{"line":276,"column":3}},"line":257},"13":{"name":"(anonymous_13)","decl":{"start":{"line":258,"column":45},"end":{"line":258,"column":46}},"loc":{"start":{"line":258,"column":53},"end":{"line":258,"column":84}},"line":258},"14":{"name":"(anonymous_14)","decl":{"start":{"line":260,"column":29},"end":{"line":260,"column":30}},"loc":{"start":{"line":260,"column":37},"end":{"line":262,"column":5}},"line":260},"15":{"name":"(anonymous_15)","decl":{"start":{"line":278,"column":2},"end":{"line":278,"column":3}},"loc":{"start":{"line":281,"column":17},"end":{"line":284,"column":3}},"line":281},"16":{"name":"(anonymous_16)","decl":{"start":{"line":286,"column":2},"end":{"line":286,"column":3}},"loc":{"start":{"line":286,"column":113},"end":{"line":295,"column":3}},"line":286},"17":{"name":"(anonymous_17)","decl":{"start":{"line":297,"column":2},"end":{"line":297,"column":3}},"loc":{"start":{"line":297,"column":83},"end":{"line":299,"column":3}},"line":297},"18":{"name":"(anonymous_18)","decl":{"start":{"line":301,"column":2},"end":{"line":301,"column":3}},"loc":{"start":{"line":303,"column":73},"end":{"line":313,"column":3}},"line":303},"19":{"name":"(anonymous_19)","decl":{"start":{"line":305,"column":29},"end":{"line":305,"column":30}},"loc":{"start":{"line":305,"column":41},"end":{"line":311,"column":5}},"line":305},"20":{"name":"(anonymous_20)","decl":{"start":{"line":315,"column":2},"end":{"line":315,"column":3}},"loc":{"start":{"line":319,"column":38},"end":{"line":331,"column":3}},"line":319},"21":{"name":"(anonymous_21)","decl":{"start":{"line":333,"column":2},"end":{"line":333,"column":3}},"loc":{"start":{"line":333,"column":96},"end":{"line":340,"column":3}},"line":333},"22":{"name":"(anonymous_22)","decl":{"start":{"line":335,"column":26},"end":{"line":335,"column":27}},"loc":{"start":{"line":335,"column":57},"end":{"line":338,"column":5}},"line":335},"23":{"name":"(anonymous_23)","decl":{"start":{"line":342,"column":2},"end":{"line":342,"column":3}},"loc":{"start":{"line":342,"column":75},"end":{"line":344,"column":3}},"line":342},"24":{"name":"(anonymous_24)","decl":{"start":{"line":346,"column":2},"end":{"line":346,"column":3}},"loc":{"start":{"line":346,"column":108},"end":{"line":356,"column":3}},"line":346},"25":{"name":"(anonymous_25)","decl":{"start":{"line":358,"column":2},"end":{"line":358,"column":3}},"loc":{"start":{"line":361,"column":15},"end":{"line":382,"column":3}},"line":361},"26":{"name":"(anonymous_26)","decl":{"start":{"line":384,"column":2},"end":{"line":384,"column":3}},"loc":{"start":{"line":384,"column":99},"end":{"line":389,"column":3}},"line":384},"27":{"name":"(anonymous_27)","decl":{"start":{"line":391,"column":2},"end":{"line":391,"column":3}},"loc":{"start":{"line":391,"column":105},"end":{"line":407,"column":3}},"line":391},"28":{"name":"(anonymous_28)","decl":{"start":{"line":409,"column":2},"end":{"line":409,"column":3}},"loc":{"start":{"line":409,"column":104},"end":{"line":412,"column":3}},"line":409},"29":{"name":"(anonymous_29)","decl":{"start":{"line":414,"column":2},"end":{"line":414,"column":3}},"loc":{"start":{"line":414,"column":97},"end":{"line":417,"column":3}},"line":414},"30":{"name":"(anonymous_30)","decl":{"start":{"line":419,"column":2},"end":{"line":419,"column":3}},"loc":{"start":{"line":419,"column":70},"end":{"line":421,"column":3}},"line":419},"31":{"name":"(anonymous_31)","decl":{"start":{"line":423,"column":2},"end":{"line":423,"column":3}},"loc":{"start":{"line":423,"column":69},"end":{"line":425,"column":3}},"line":423},"32":{"name":"(anonymous_32)","decl":{"start":{"line":427,"column":2},"end":{"line":427,"column":3}},"loc":{"start":{"line":427,"column":51},"end":{"line":431,"column":3}},"line":427},"33":{"name":"(anonymous_33)","decl":{"start":{"line":433,"column":2},"end":{"line":433,"column":3}},"loc":{"start":{"line":433,"column":65},"end":{"line":435,"column":3}},"line":433},"34":{"name":"(anonymous_34)","decl":{"start":{"line":437,"column":2},"end":{"line":437,"column":3}},"loc":{"start":{"line":437,"column":82},"end":{"line":469,"column":3}},"line":437},"35":{"name":"(anonymous_35)","decl":{"start":{"line":444,"column":12},"end":{"line":444,"column":13}},"loc":{"start":{"line":444,"column":25},"end":{"line":467,"column":7}},"line":444},"36":{"name":"(anonymous_36)","decl":{"start":{"line":468,"column":27},"end":{"line":468,"column":28}},"loc":{"start":{"line":468,"column":32},"end":{"line":468,"column":61}},"line":468},"37":{"name":"(anonymous_37)","decl":{"start":{"line":471,"column":2},"end":{"line":471,"column":3}},"loc":{"start":{"line":471,"column":51},"end":{"line":474,"column":3}},"line":471},"38":{"name":"(anonymous_38)","decl":{"start":{"line":476,"column":2},"end":{"line":476,"column":3}},"loc":{"start":{"line":482,"column":13},"end":{"line":500,"column":3}},"line":482},"39":{"name":"(anonymous_39)","decl":{"start":{"line":502,"column":2},"end":{"line":502,"column":3}},"loc":{"start":{"line":502,"column":105},"end":{"line":513,"column":3}},"line":502},"40":{"name":"(anonymous_40)","decl":{"start":{"line":515,"column":2},"end":{"line":515,"column":3}},"loc":{"start":{"line":522,"column":15},"end":{"line":535,"column":3}},"line":522},"41":{"name":"(anonymous_41)","decl":{"start":{"line":532,"column":13},"end":{"line":532,"column":14}},"loc":{"start":{"line":532,"column":41},"end":{"line":533,"column":76}},"line":532},"42":{"name":"(anonymous_42)","decl":{"start":{"line":537,"column":2},"end":{"line":537,"column":3}},"loc":{"start":{"line":537,"column":42},"end":{"line":559,"column":3}},"line":537},"43":{"name":"(anonymous_43)","decl":{"start":{"line":543,"column":23},"end":{"line":543,"column":24}},"loc":{"start":{"line":543,"column":39},"end":{"line":552,"column":5}},"line":543},"44":{"name":"(anonymous_44)","decl":{"start":{"line":563,"column":25},"end":{"line":563,"column":26}},"loc":{"start":{"line":563,"column":47},"end":{"line":563,"column":112}},"line":563}},"branchMap":{"0":{"loc":{"start":{"line":39,"column":4},"end":{"line":61,"column":5}},"type":"if","locations":[{"start":{"line":39,"column":4},"end":{"line":61,"column":5}},{"start":{},"end":{}}],"line":39},"1":{"loc":{"start":{"line":44,"column":8},"end":{"line":53,"column":9}},"type":"if","locations":[{"start":{"line":44,"column":8},"end":{"line":53,"column":9}},{"start":{},"end":{}}],"line":44},"2":{"loc":{"start":{"line":44,"column":12},"end":{"line":44,"column":83}},"type":"binary-expr","locations":[{"start":{"line":44,"column":12},"end":{"line":44,"column":43}},{"start":{"line":44,"column":47},"end":{"line":44,"column":83}}],"line":44},"3":{"loc":{"start":{"line":93,"column":8},"end":{"line":113,"column":9}},"type":"if","locations":[{"start":{"line":93,"column":8},"end":{"line":113,"column":9}},{"start":{"line":106,"column":15},"end":{"line":113,"column":9}}],"line":93},"4":{"loc":{"start":{"line":93,"column":12},"end":{"line":93,"column":64}},"type":"binary-expr","locations":[{"start":{"line":93,"column":12},"end":{"line":93,"column":24}},{"start":{"line":93,"column":28},"end":{"line":93,"column":41}},{"start":{"line":93,"column":45},"end":{"line":93,"column":64}}],"line":93},"5":{"loc":{"start":{"line":161,"column":11},"end":{"line":164,"column":66}},"type":"cond-expr","locations":[{"start":{"line":161,"column":38},"end":{"line":164,"column":61}},{"start":{"line":164,"column":64},"end":{"line":164,"column":66}}],"line":161},"6":{"loc":{"start":{"line":263,"column":4},"end":{"line":265,"column":5}},"type":"if","locations":[{"start":{"line":263,"column":4},"end":{"line":265,"column":5}},{"start":{},"end":{}}],"line":263},"7":{"loc":{"start":{"line":282,"column":11},"end":{"line":283,"column":75}},"type":"cond-expr","locations":[{"start":{"line":282,"column":51},"end":{"line":283,"column":70}},{"start":{"line":283,"column":73},"end":{"line":283,"column":75}}],"line":282},"8":{"loc":{"start":{"line":298,"column":11},"end":{"line":298,"column":66}},"type":"cond-expr","locations":[{"start":{"line":298,"column":38},"end":{"line":298,"column":52}},{"start":{"line":298,"column":55},"end":{"line":298,"column":66}}],"line":298},"9":{"loc":{"start":{"line":308,"column":8},"end":{"line":308,"column":99}},"type":"cond-expr","locations":[{"start":{"line":308,"column":45},"end":{"line":308,"column":47}},{"start":{"line":308,"column":50},"end":{"line":308,"column":99}}],"line":308},"10":{"loc":{"start":{"line":350,"column":4},"end":{"line":354,"column":5}},"type":"if","locations":[{"start":{"line":350,"column":4},"end":{"line":354,"column":5}},{"start":{},"end":{}}],"line":350},"11":{"loc":{"start":{"line":350,"column":8},"end":{"line":350,"column":68}},"type":"binary-expr","locations":[{"start":{"line":350,"column":8},"end":{"line":350,"column":35}},{"start":{"line":350,"column":39},"end":{"line":350,"column":68}}],"line":350},"12":{"loc":{"start":{"line":378,"column":37},"end":{"line":378,"column":73}},"type":"cond-expr","locations":[{"start":{"line":378,"column":64},"end":{"line":378,"column":67}},{"start":{"line":378,"column":70},"end":{"line":378,"column":73}}],"line":378},"13":{"loc":{"start":{"line":387,"column":11},"end":{"line":388,"column":43}},"type":"binary-expr","locations":[{"start":{"line":387,"column":11},"end":{"line":388,"column":30}},{"start":{"line":388,"column":34},"end":{"line":388,"column":43}}],"line":387},"14":{"loc":{"start":{"line":396,"column":4},"end":{"line":405,"column":5}},"type":"if","locations":[{"start":{"line":396,"column":4},"end":{"line":405,"column":5}},{"start":{},"end":{}}],"line":396},"15":{"loc":{"start":{"line":397,"column":6},"end":{"line":404,"column":7}},"type":"if","locations":[{"start":{"line":397,"column":6},"end":{"line":404,"column":7}},{"start":{"line":399,"column":13},"end":{"line":404,"column":7}}],"line":397},"16":{"loc":{"start":{"line":399,"column":13},"end":{"line":404,"column":7}},"type":"if","locations":[{"start":{"line":399,"column":13},"end":{"line":404,"column":7}},{"start":{"line":402,"column":13},"end":{"line":404,"column":7}}],"line":399},"17":{"loc":{"start":{"line":402,"column":13},"end":{"line":404,"column":7}},"type":"if","locations":[{"start":{"line":402,"column":13},"end":{"line":404,"column":7}},{"start":{},"end":{}}],"line":402},"18":{"loc":{"start":{"line":410,"column":11},"end":{"line":411,"column":33}},"type":"binary-expr","locations":[{"start":{"line":410,"column":11},"end":{"line":411,"column":23}},{"start":{"line":411,"column":27},"end":{"line":411,"column":33}}],"line":410},"19":{"loc":{"start":{"line":415,"column":11},"end":{"line":416,"column":34}},"type":"binary-expr","locations":[{"start":{"line":415,"column":11},"end":{"line":416,"column":24}},{"start":{"line":416,"column":28},"end":{"line":416,"column":34}}],"line":415},"20":{"loc":{"start":{"line":434,"column":11},"end":{"line":434,"column":64}},"type":"binary-expr","locations":[{"start":{"line":434,"column":11},"end":{"line":434,"column":22}},{"start":{"line":434,"column":26},"end":{"line":434,"column":64}}],"line":434},"21":{"loc":{"start":{"line":447,"column":10},"end":{"line":459,"column":11}},"type":"if","locations":[{"start":{"line":447,"column":10},"end":{"line":459,"column":11}},{"start":{"line":449,"column":17},"end":{"line":459,"column":11}}],"line":447},"22":{"loc":{"start":{"line":468,"column":32},"end":{"line":468,"column":61}},"type":"binary-expr","locations":[{"start":{"line":468,"column":32},"end":{"line":468,"column":47}},{"start":{"line":468,"column":51},"end":{"line":468,"column":61}}],"line":468},"23":{"loc":{"start":{"line":473,"column":11},"end":{"line":473,"column":61}},"type":"cond-expr","locations":[{"start":{"line":473,"column":38},"end":{"line":473,"column":40}},{"start":{"line":473,"column":43},"end":{"line":473,"column":61}}],"line":473},"24":{"loc":{"start":{"line":491,"column":13},"end":{"line":491,"column":36}},"type":"cond-expr","locations":[{"start":{"line":491,"column":28},"end":{"line":491,"column":29}},{"start":{"line":491,"column":32},"end":{"line":491,"column":36}}],"line":491},"25":{"loc":{"start":{"line":492,"column":17},"end":{"line":492,"column":40}},"type":"cond-expr","locations":[{"start":{"line":492,"column":31},"end":{"line":492,"column":33}},{"start":{"line":492,"column":36},"end":{"line":492,"column":40}}],"line":492},"26":{"loc":{"start":{"line":503,"column":4},"end":{"line":512,"column":5}},"type":"switch","locations":[{"start":{"line":504,"column":6},"end":{"line":505,"column":36}},{"start":{"line":506,"column":6},"end":{"line":507,"column":35}},{"start":{"line":508,"column":6},"end":{"line":509,"column":39}},{"start":{"line":510,"column":6},"end":{"line":511,"column":34}}],"line":503},"27":{"loc":{"start":{"line":529,"column":14},"end":{"line":529,"column":64}},"type":"cond-expr","locations":[{"start":{"line":529,"column":33},"end":{"line":529,"column":57}},{"start":{"line":529,"column":60},"end":{"line":529,"column":64}}],"line":529},"28":{"loc":{"start":{"line":530,"column":14},"end":{"line":530,"column":51}},"type":"cond-expr","locations":[{"start":{"line":530,"column":32},"end":{"line":530,"column":44}},{"start":{"line":530,"column":47},"end":{"line":530,"column":51}}],"line":530},"29":{"loc":{"start":{"line":539,"column":4},"end":{"line":541,"column":5}},"type":"if","locations":[{"start":{"line":539,"column":4},"end":{"line":541,"column":5}},{"start":{},"end":{}}],"line":539},"30":{"loc":{"start":{"line":547,"column":6},"end":{"line":550,"column":7}},"type":"if","locations":[{"start":{"line":547,"column":6},"end":{"line":550,"column":7}},{"start":{},"end":{}}],"line":547}},"s":{"0":0,"1":0,"2":0,"3":0,"4":0,"5":0,"6":0,"7":0,"8":0,"9":0,"10":0,"11":0,"12":0,"13":0,"14":0,"15":0,"16":0,"17":0,"18":0,"19":0,"20":0,"21":0,"22":0,"23":0,"24":0,"25":0,"26":0,"27":0,"28":0,"29":0,"30":0,"31":0,"32":0,"33":0,"34":0,"35":0,"36":0,"37":0,"38":0,"39":0,"40":0,"41":0,"42":0,"43":0,"44":0,"45":0,"46":0,"47":0,"48":0,"49":0,"50":0,"51":0,"52":0,"53":0,"54":0,"55":0,"56":0,"57":0,"58":0,"59":0,"60":0,"61":0,"62":0,"63":0,"64":0,"65":0,"66":0,"67":0,"68":0,"69":0,"70":0,"71":0,"72":0,"73":0,"74":0,"75":0,"76":0,"77":0,"78":0,"79":0,"80":0,"81":0,"82":0,"83":0,"84":0,"85":0,"86":0,"87":0,"88":0,"89":0,"90":0,"91":0,"92":0,"93":0,"94":0,"95":0,"96":0,"97":0,"98":0,"99":0,"100":0,"101":0,"102":0,"103":0,"104":0,"105":0,"106":0,"107":0,"108":0,"109":0,"110":0,"111":0,"112":0,"113":0,"114":0},"f":{"0":0,"1":0,"2":0,"3":0,"4":0,"5":0,"6":0,"7":0,"8":0,"9":0,"10":0,"11":0,"12":0,"13":0,"14":0,"15":0,"16":0,"17":0,"18":0,"19":0,"20":0,"21":0,"22":0,"23":0,"24":0,"25":0,"26":0,"27":0,"28":0,"29":0,"30":0,"31":0,"32":0,"33":0,"34":0,"35":0,"36":0,"37":0,"38":0,"39":0,"40":0,"41":0,"42":0,"43":0,"44":0},"b":{"0":[0,0],"1":[0,0],"2":[0,0],"3":[0,0],"4":[0,0,0],"5":[0,0],"6":[0,0],"7":[0,0],"8":[0,0],"9":[0,0],"10":[0,0],"11":[0,0],"12":[0,0],"13":[0,0],"14":[0,0],"15":[0,0],"16":[0,0],"17":[0,0],"18":[0,0],"19":[0,0],"20":[0,0],"21":[0,0],"22":[0,0],"23":[0,0],"24":[0,0],"25":[0,0],"26":[0,0,0,0],"27":[0,0],"28":[0,0],"29":[0,0],"30":[0,0]},"all":true},"/home/yan/Desktop/repo/studio-lite/apps/api/src/app/classes/unit-download.class.ts":{"path":"/home/yan/Desktop/repo/studio-lite/apps/api/src/app/classes/unit-download.class.ts","statementMap":{"0":{"start":{"line":29,"column":16},"end":{"line":29,"column":28}},"1":{"start":{"line":30,"column":47},"end":{"line":30,"column":49}},"2":{"start":{"line":31,"column":34},"end":{"line":31,"column":36}},"3":{"start":{"line":32,"column":29},"end":{"line":32,"column":88}},"4":{"start":{"line":34,"column":4},"end":{"line":46,"column":8}},"5":{"start":{"line":35,"column":6},"end":{"line":45,"column":8}},"6":{"start":{"line":48,"column":4},"end":{"line":50,"column":5}},"7":{"start":{"line":49,"column":6},"end":{"line":49,"column":80}},"8":{"start":{"line":52,"column":23},"end":{"line":54,"column":46}},"9":{"start":{"line":55,"column":4},"end":{"line":58,"column":5}},"10":{"start":{"line":56,"column":6},"end":{"line":56,"column":95}},"11":{"start":{"line":57,"column":6},"end":{"line":57,"column":95}},"12":{"start":{"line":59,"column":4},"end":{"line":59,"column":26}},"13":{"start":{"line":63,"column":29},"end":{"line":63,"column":54}},"14":{"start":{"line":64,"column":35},"end":{"line":64,"column":78}},"15":{"start":{"line":66,"column":4},"end":{"line":72,"column":5}},"16":{"start":{"line":67,"column":6},"end":{"line":67,"column":109}},"17":{"start":{"line":67,"column":45},"end":{"line":67,"column":109}},"18":{"start":{"line":68,"column":6},"end":{"line":68,"column":118}},"19":{"start":{"line":68,"column":48},"end":{"line":68,"column":118}},"20":{"start":{"line":69,"column":6},"end":{"line":71,"column":7}},"21":{"start":{"line":70,"column":8},"end":{"line":70,"column":84}},"22":{"start":{"line":73,"column":4},"end":{"line":73,"column":28}},"23":{"start":{"line":87,"column":25},"end":{"line":87,"column":82}},"24":{"start":{"line":88,"column":20},"end":{"line":88,"column":83}},"25":{"start":{"line":89,"column":4},"end":{"line":89,"column":53}},"26":{"start":{"line":90,"column":27},"end":{"line":90,"column":71}},"27":{"start":{"line":91,"column":4},"end":{"line":91,"column":84}},"28":{"start":{"line":92,"column":4},"end":{"line":92,"column":60}},"29":{"start":{"line":93,"column":4},"end":{"line":96,"column":5}},"30":{"start":{"line":94,"column":23},"end":{"line":94,"column":72}},"31":{"start":{"line":95,"column":6},"end":{"line":95,"column":74}},"32":{"start":{"line":97,"column":23},"end":{"line":97,"column":63}},"33":{"start":{"line":98,"column":4},"end":{"line":98,"column":72}},"34":{"start":{"line":99,"column":4},"end":{"line":99,"column":97}},"35":{"start":{"line":100,"column":4},"end":{"line":100,"column":37}},"36":{"start":{"line":101,"column":4},"end":{"line":101,"column":92}},"37":{"start":{"line":101,"column":54},"end":{"line":101,"column":92}},"38":{"start":{"line":105,"column":4},"end":{"line":117,"column":7}},"39":{"start":{"line":121,"column":4},"end":{"line":123,"column":5}},"40":{"start":{"line":122,"column":6},"end":{"line":122,"column":98}},"41":{"start":{"line":129,"column":4},"end":{"line":147,"column":5}},"42":{"start":{"line":130,"column":6},"end":{"line":137,"column":9}},"43":{"start":{"line":138,"column":6},"end":{"line":138,"column":86}},"44":{"start":{"line":140,"column":6},"end":{"line":146,"column":9}},"45":{"start":{"line":151,"column":4},"end":{"line":182,"column":5}},"46":{"start":{"line":152,"column":31},"end":{"line":152,"column":66}},"47":{"start":{"line":153,"column":6},"end":{"line":181,"column":9}},"48":{"start":{"line":154,"column":32},"end":{"line":164,"column":10}},"49":{"start":{"line":165,"column":8},"end":{"line":170,"column":9}},"50":{"start":{"line":166,"column":45},"end":{"line":166,"column":87}},"51":{"start":{"line":167,"column":10},"end":{"line":169,"column":13}},"52":{"start":{"line":168,"column":12},"end":{"line":168,"column":83}},"53":{"start":{"line":171,"column":8},"end":{"line":180,"column":9}},"54":{"start":{"line":172,"column":32},"end":{"line":176,"column":12}},"55":{"start":{"line":177,"column":10},"end":{"line":179,"column":13}},"56":{"start":{"line":178,"column":12},"end":{"line":178,"column":55}},"57":{"start":{"line":188,"column":4},"end":{"line":195,"column":5}},"58":{"start":{"line":189,"column":6},"end":{"line":193,"column":9}},"59":{"start":{"line":194,"column":6},"end":{"line":194,"column":85}},"60":{"start":{"line":201,"column":4},"end":{"line":218,"column":5}},"61":{"start":{"line":202,"column":6},"end":{"line":209,"column":9}},"62":{"start":{"line":210,"column":6},"end":{"line":210,"column":78}},"63":{"start":{"line":212,"column":6},"end":{"line":217,"column":9}},"64":{"start":{"line":224,"column":48},"end":{"line":224,"column":91}},"65":{"start":{"line":225,"column":26},"end":{"line":225,"column":83}},"66":{"start":{"line":225,"column":76},"end":{"line":225,"column":81}},"67":{"start":{"line":226,"column":35},"end":{"line":226,"column":37}},"68":{"start":{"line":227,"column":4},"end":{"line":236,"column":8}},"69":{"start":{"line":228,"column":6},"end":{"line":235,"column":7}},"70":{"start":{"line":229,"column":26},"end":{"line":229,"column":55}},"71":{"start":{"line":230,"column":8},"end":{"line":234,"column":9}},"72":{"start":{"line":231,"column":50},"end":{"line":231,"column":99}},"73":{"start":{"line":232,"column":10},"end":{"line":232,"column":73}},"74":{"start":{"line":233,"column":10},"end":{"line":233,"column":39}},"75":{"start":{"line":240,"column":4},"end":{"line":249,"column":7}},"76":{"start":{"line":258,"column":23},"end":{"line":258,"column":75}},"77":{"start":{"line":259,"column":26},"end":{"line":259,"column":64}},"78":{"start":{
[...]
pp/modules/workspace/models/page-data.interface.ts","statementMap":{},"fnMap":{},"branchMap":{},"s":{},"f":{},"b":{},"all":true},"/home/yan/Desktop/repo/studio-lite/apps/frontend/src/app/modules/workspace/models/types.ts":{"path":"/home/yan/Desktop/repo/studio-lite/apps/frontend/src/app/modules/workspace/models/types.ts","statementMap":{},"fnMap":{},"branchMap":{},"s":{},"f":{},"b":{},"all":true},"/home/yan/Desktop/repo/studio-lite/apps/frontend/src/app/modules/wsg-admin/models/workspace-checked.class.ts":{"path":"/home/yan/Desktop/repo/studio-lite/apps/frontend/src/app/modules/wsg-admin/models/workspace-checked.class.ts","statementMap":{"0":{"start":{"line":10,"column":4},"end":{"line":10,"column":30}},"1":{"start":{"line":11,"column":4},"end":{"line":11,"column":34}},"2":{"start":{"line":12,"column":4},"end":{"line":12,"column":27}},"3":{"start":{"line":13,"column":4},"end":{"line":13,"column":25}}},"fnMap":{"0":{"name":"(anonymous_0)","decl":{"start":{"line":9,"column":2},"end":{"line":9,"column":3}},"loc":{"start":{"line":9,"column":42},"end":{"line":14,"column":3}},"line":9}},"branchMap":{},"s":{"0":0,"1":0,"2":0,"3":0},"f":{"0":0},"b":{},"all":true},"/home/yan/Desktop/repo/studio-lite/apps/frontend/src/app/modules/wsg-admin/models/workspace-settings.interface.ts":{"path":"/home/yan/Desktop/repo/studio-lite/apps/frontend/src/app/modules/wsg-admin/models/workspace-settings.interface.ts","statementMap":{},"fnMap":{},"branchMap":{},"s":{},"f":{},"b":{},"all":true},"/home/yan/Desktop/repo/studio-lite/apps/frontend/src/app/modules/wsg-admin/models/workspace-to-check-collection.class.ts":{"path":"/home/yan/Desktop/repo/studio-lite/apps/frontend/src/app/modules/wsg-admin/models/workspace-to-check-collection.class.ts","statementMap":{"0":{"start":{"line":10,"column":56},"end":{"line":10,"column":58}},"1":{"start":{"line":11,"column":15},"end":{"line":11,"column":20}},"2":{"start":{"line":14,"column":4},"end":{"line":14,"column":22}},"3":{"start":{"line":15,"column":4},"end":{"line":17,"column":7}},"4":{"start":{"line":16,"column":6},"end":{"line":16,"column":57}},"5":{"start":{"line":21,"column":4},"end":{"line":21,"column":32}},"6":{"start":{"line":22,"column":4},"end":{"line":28,"column":5}},"7":{"start":{"line":23,"column":6},"end":{"line":27,"column":12}},"8":{"start":{"line":23,"column":35},"end":{"line":27,"column":10}},"9":{"start":{"line":29,"column":4},"end":{"line":39,"column":7}},"10":{"start":{"line":30,"column":28},"end":{"line":31,"column":69}},"11":{"start":{"line":31,"column":33},"end":{"line":31,"column":68}},"12":{"start":{"line":32,"column":6},"end":{"line":38,"column":7}},"13":{"start":{"line":33,"column":8},"end":{"line":33,"column":35}},"14":{"start":{"line":34,"column":8},"end":{"line":34,"column":58}},"15":{"start":{"line":36,"column":8},"end":{"line":36,"column":36}},"16":{"start":{"line":37,"column":8},"end":{"line":37,"column":34}},"17":{"start":{"line":40,"column":4},"end":{"line":40,"column":28}},"18":{"start":{"line":44,"column":65},"end":{"line":44,"column":92}},"19":{"start":{"line":45,"column":4},"end":{"line":53,"column":7}},"20":{"start":{"line":46,"column":6},"end":{"line":52,"column":7}},"21":{"start":{"line":47,"column":8},"end":{"line":51,"column":13}},"22":{"start":{"line":54,"column":4},"end":{"line":54,"column":32}},"23":{"start":{"line":58,"column":4},"end":{"line":58,"column":28}},"24":{"start":{"line":59,"column":4},"end":{"line":69,"column":7}},"25":{"start":{"line":60,"column":28},"end":{"line":61,"column":69}},"26":{"start":{"line":61,"column":33},"end":{"line":61,"column":68}},"27":{"start":{"line":63,"column":6},"end":{"line":65,"column":7}},"28":{"start":{"line":64,"column":8},"end":{"line":64,"column":31}},"29":{"start":{"line":66,"column":6},"end":{"line":68,"column":7}},"30":{"start":{"line":67,"column":8},"end":{"line":67,"column":31}},"31":{"start":{"line":73,"column":4},"end":{"line":73,"column":32}},"32":{"start":{"line":74,"column":4},"end":{"line":81,"column":7}},"33":{"start":{"line":75,"column":6},"end":{"line":80,"column":7}},"34":{"start":{"line":76,"column":8},"end":{"line":79,"column":11}},"35":{"start":{"line":82,"column":4},"end":{"line":82,"column":28}}},"fnMap":{"0":{"name":"(anonymous_0)","decl":{"start":{"line":13,"column":2},"end":{"line":13,"column":3}},"loc":{"start":{"line":13,"column":53},"end":{"line":18,"column":3}},"line":13},"1":{"name":"(anonymous_1)","decl":{"start":{"line":15,"column":23},"end":{"line":15,"column":24}},"loc":{"start":{"line":15,"column":36},"end":{"line":17,"column":5}},"line":15},"2":{"name":"(anonymous_2)","decl":{"start":{"line":20,"column":2},"end":{"line":20,"column":3}},"loc":{"start":{"line":20,"column":62},"end":{"line":41,"column":3}},"line":20},"3":{"name":"(anonymous_3)","decl":{"start":{"line":23,"column":29},"end":{"line":23,"column":30}},"loc":{"start":{"line":23,"column":35},"end":{"line":27,"column":10}},"line":23},"4":{"name":"(anonymous_4)","decl":{"start":{"line":29,"column":25},"end":{"line":29,"column":26}},"loc":{"start":{"line":29,"column":38},"end":{"line":39,"column":5}},"line":29},"5":{"name":"(anonymous_5)","decl":{"start":{"line":31,"column":14},"end":{"line":31,"column":15}},"loc":{"start":{"line":31,"column":33},"end":{"line":31,"column":68}},"line":31},"6":{"name":"(anonymous_6)","decl":{"start":{"line":43,"column":2},"end":{"line":43,"column":3}},"loc":{"start":{"line":43,"column":61},"end":{"line":55,"column":3}},"line":43},"7":{"name":"(anonymous_7)","decl":{"start":{"line":45,"column":25},"end":{"line":45,"column":26}},"loc":{"start":{"line":45,"column":38},"end":{"line":53,"column":5}},"line":45},"8":{"name":"(anonymous_8)","decl":{"start":{"line":57,"column":2},"end":{"line":57,"column":3}},"loc":{"start":{"line":57,"column":27},"end":{"line":70,"column":3}},"line":57},"9":{"name":"(anonymous_9)","decl":{"start":{"line":59,"column":25},"end":{"line":59,"column":26}},"loc":{"start":{"line":59,"column":38},"end":{"line":69,"column":5}},"line":59},"10":{"name":"(anonymous_10)","decl":{"start":{"line":61,"column":14},"end":{"line":61,"column":15}},"loc":{"start":{"line":61,"column":33},"end":{"line":61,"column":68}},"line":61},"11":{"name":"(anonymous_11)","decl":{"start":{"line":72,"column":2},"end":{"line":72,"column":3}},"loc":{"start":{"line":72,"column":29},"end":{"line":83,"column":3}},"line":72},"12":{"name":"(anonymous_12)","decl":{"start":{"line":74,"column":25},"end":{"line":74,"column":26}},"loc":{"start":{"line":74,"column":38},"end":{"line":81,"column":5}},"line":74}},"branchMap":{"0":{"loc":{"start":{"line":22,"column":4},"end":{"line":28,"column":5}},"type":"if","locations":[{"start":{"line":22,"column":4},"end":{"line":28,"column":5}},{"start":{},"end":{}}],"line":22},"1":{"loc":{"start":{"line":32,"column":6},"end":{"line":38,"column":7}},"type":"if","locations":[{"start":{"line":32,"column":6},"end":{"line":38,"column":7}},{"start":{"line":35,"column":13},"end":{"line":38,"column":7}}],"line":32},"2":{"loc":{"start":{"line":46,"column":6},"end":{"line":52,"column":7}},"type":"if","locations":[{"start":{"line":46,"column":6},"end":{"line":52,"column":7}},{"start":{},"end":{}}],"line":46},"3":{"loc":{"start":{"line":63,"column":6},"end":{"line":65,"column":7}},"type":"if","locations":[{"start":{"line":63,"column":6},"end":{"line":65,"column":7}},{"start":{},"end":{}}],"line":63},"4":{"loc":{"start":{"line":63,"column":10},"end":{"line":63,"column":92}},"type":"binary-expr","locations":[{"start":{"line":63,"column":11},"end":{"line":63,"column":30}},{"start":{"line":63,"column":34},"end":{"line":63,"column":48}},{"start":{"line":63,"column":54},"end":{"line":63,"column":74}},{"start":{"line":63,"column":78},"end":{"line":63,"column":91}}],"line":63},"5":{"loc":{"start":{"line":66,"column":6},"end":{"line":68,"column":7}},"type":"if","locations":[{"start":{"line":66,"column":6},"end":{"line":68,"column":7}},{"start":{},"end":{}}],"line":66},"6":{"loc":{"start":{"line":66,"column":10},"end":{"line":66,"column":78}},"type":"binary-expr","locations":[{"start":{"line":66,"column":10},"end":{"line":66,"column":23}},{"start":{"line":66,"column":27},"end":{"line":66,"column":78}}],"line":66},"7":{"loc":{"start":{"line":75,"column":6},"end":{"line":80,"column":7}},"type":"if","locations":[{"start":{"line":75,"column":6},"end":{"line":80,"column":7}},{"start":{},"end":{}}],"line":75}},"s":{"0":0,"1":0,"2":0,"3":0,"4":0,"5":0,"6":0,"7":0,"8":0,"9":0,"10":0,"11":0,"12":0,"13":0,"14":0,"15":0,"16":0,"17":0,"18":0,"19":0,"20":0,"21":0,"22":0,"23":0,"24":0,"25":0,"26":0,"27":0,"28":0,"29":0,"30":0,"31":0,"32":0,"33":0,"34":0,"35":0},"f":{"0":0,"1":0,"2":0,"3":0,"4":0,"5":0,"6":0,"7":0,"8":0,"9":0,"10":0,"11":0,"12":0},"b":{"0":[0,0],"1":[0,0],"2":[0,0],"3":[0,0],"4":[0,0,0,0],"5":[0,0],"6":[0,0],"7":[0,0]},"all":true},"/home/yan/Desktop/repo/studio-lite/apps/frontend/src/app/modules/wsg-admin/models/workspace-user-checked.class.ts":{"path":"/home/yan/Desktop/repo/studio-lite/apps/frontend/src/app/modules/wsg-admin/models/workspace-user-checked.class.ts","statementMap":{"0":{"start":{"line":11,"column":4},"end":{"line":11,"column":25}},"1":{"start":{"line":12,"column":4},"end":{"line":12,"column":29}},"2":{"start":{"line":13,"column":4},"end":{"line":13,"column":43}},"3":{"start":{"line":14,"column":4},"end":{"line":14,"column":43}},"4":{"start":{"line":15,"column":4},"end":{"line":15,"column":25}},"5":{"start":{"line":16,"column":4},"end":{"line":16,"column":27}}},"fnMap":{"0":{"name":"(anonymous_0)","decl":{"start":{"line":10,"column":2},"end":{"line":10,"column":3}},"loc":{"start":{"line":10,"column":38},"end":{"line":17,"column":3}},"line":10}},"branchMap":{},"s":{"0":0,"1":0,"2":0,"3":0,"4":0,"5":0},"f":{"0":0},"b":{},"all":true},"/home/yan/Desktop/repo/studio-lite/apps/frontend/src/app/modules/wsg-admin/models/workspace-users-to-check-collection.class.ts":{"path":"/home/yan/Desktop/repo/studio-lite/apps/frontend/src/app/modules/wsg-admin/models/workspace-users-to-check-collection.class.ts","statementMap":{"0":{"start":{"line":6,"column":57},"end":{"line":6,"column":59}},"1":{"start":{"line":7,"column":15},"end":{"line":7,"column":20}},"2":{"start":{"line":10,"column":4},"end":{"line":10,"column":22}},"3":{"start":{"line":11,"column":4},"end":{"line":13,"column":7}},"4":{"start":{"line":12,"column":6},"end":{"line":12,"column":56}},"5":{"start":{"line":17,"column":4},"end":{"line":17,"column":33}},"6":{"start":{"line":18,"column":4},"end":{"line":24,"column":5}},"7":{"start":{"line":19,"column":6},"end":{"line":23,"column":12}},"8":{"start":{"line":19,"column":34},"end":{"line":23,"column":10}},"9":{"start":{"line":25,"column":4},"end":{"line":35,"column":7}},"10":{"start":{"line":26,"column":28},"end":{"line":27,"column":68}},"11":{"start":{"line":27,"column":35},"end":{"line":27,"column":67}},"12":{"start":{"line":28,"column":6},"end":{"line":34,"column":7}},"13":{"start":{"line":29,"column":8},"end":{"line":29,"column":30}},"14":{"start":{"line":30,"column":8},"end":{"line":30,"column":53}},"15":{"start":{"line":32,"column":8},"end":{"line":32,"column":31}},"16":{"start":{"line":33,"column":8},"end":{"line":33,"column":29}},"17":{"start":{"line":36,"column":4},"end":{"line":36,"column":28}},"18":{"start":{"line":40,"column":53},"end":{"line":40,"column":55}},"19":{"start":{"line":41,"column":4},"end":{"line":49,"column":7}},"20":{"start":{"line":42,"column":6},"end":{"line":48,"column":7}},"21":{"start":{"line":43,"column":8},"end":{"line":47,"column":13}},"22":{"start":{"line":50,"column":4},"end":{"line":50,"column":26}},"23":{"start":{"line":54,"column":4},"end":{"line":54,"column":28}},"24":{"start":{"line":55,"column":4},"end":{"line":64,"column":7}},"25":{"start":{"line":56,"column":28},"end":{"line":57,"column":68}},"26":{"start":{"line":57,"column":35},"end":{"line":57,"column":67}},"27":{"start":{"line":58,"column":6},"end":{"line":60,"column":7}},"28":{"start":{"line":59,"column":8},"end":{"line":59,"column":31}},"29":{"start":{"line":61,"column":6},"end":{"line":63,"column":7}},"30":{"start":{"line":62,"column":8},"end":{"line":62,"column":31}},"31":{"start":{"line":68,"column":4},"end":{"line":68,"column":33}},"32":{"start":{"line":69,"column":4},"end":{"line":76,"column":7}},"33":{"start":{"line":70,"column":6},"end":{"line":75,"column":7}},"34":{"start":{"line":71,"column":8},"end":{"line":74,"column":11}},"35":{"start":{"line":77,"column":4},"end":{"line":77,"column":28}}},"fnMap":{"0":{"name":"(anonymous_0)","decl":{"start":{"line":9,"column":2},"end":{"line":9,"column":3}},"loc":{"start":{"line":9,"column":65},"end":{"line":14,"column":3}},"line":9},"1":{"name":"(anonymous_1)","decl":{"start":{"line":11,"column":18},"end":{"line":11,"column":19}},"loc":{"start":{"line":11,"column":26},"end":{"line":13,"column":5}},"line":11},"2":{"name":"(anonymous_2)","decl":{"start":{"line":16,"column":2},"end":{"line":16,"column":3}},"loc":{"start":{"line":16,"column":61},"end":{"line":37,"column":3}},"line":16},"3":{"name":"(anonymous_3)","decl":{"start":{"line":19,"column":29},"end":{"line":19,"column":30}},"loc":{"start":{"line":19,"column":34},"end":{"line":23,"column":10}},"line":19},"4":{"name":"(anonymous_4)","decl":{"start":{"line":25,"column":25},"end":{"line":25,"column":26}},"loc":{"start":{"line":25,"column":33},"end":{"line":35,"column":5}},"line":25},"5":{"name":"(anonymous_5)","decl":{"start":{"line":27,"column":14},"end":{"line":27,"column":15}},"loc":{"start":{"line":27,"column":35},"end":{"line":27,"column":67}},"line":27},"6":{"name":"(anonymous_6)","decl":{"start":{"line":39,"column":2},"end":{"line":39,"column":3}},"loc":{"start":{"line":39,"column":40},"end":{"line":51,"column":3}},"line":39},"7":{"name":"(anonymous_7)","decl":{"start":{"line":41,"column":25},"end":{"line":41,"column":26}},"loc":{"start":{"line":41,"column":33},"end":{"line":49,"column":5}},"line":41},"8":{"name":"(anonymous_8)","decl":{"start":{"line":53,"column":2},"end":{"line":53,"column":3}},"loc":{"start":{"line":53,"column":27},"end":{"line":65,"column":3}},"line":53},"9":{"name":"(anonymous_9)","decl":{"start":{"line":55,"column":25},"end":{"line":55,"column":26}},"loc":{"start":{"line":55,"column":33},"end":{"line":64,"column":5}},"line":55},"10":{"name":"(anonymous_10)","decl":{"start":{"line":57,"column":14},"end":{"line":57,"column":15}},"loc":{"start":{"line":57,"column":35},"end":{"line":57,"column":67}},"line":57},"11":{"name":"(anonymous_11)","decl":{"start":{"line":67,"column":2},"end":{"line":67,"column":3}},"loc":{"start":{"line":67,"column":29},"end":{"line":78,"column":3}},"line":67},"12":{"name":"(anonymous_12)","decl":{"start":{"line":69,"column":25},"end":{"line":69,"column":26}},"loc":{"start":{"line":69,"column":33},"end":{"line":76,"column":5}},"line":69}},"branchMap":{"0":{"loc":{"start":{"line":18,"column":4},"end":{"line":24,"column":5}},"type":"if","locations":[{"start":{"line":18,"column":4},"end":{"line":24,"column":5}},{"start":{},"end":{}}],"line":18},"1":{"loc":{"start":{"line":28,"column":6},"end":{"line":34,"column":7}},"type":"if","locations":[{"start":{"line":28,"column":6},"end":{"line":34,"column":7}},{"start":{"line":31,"column":13},"end":{"line":34,"column":7}}],"line":28},"2":{"loc":{"start":{"line":42,"column":6},"end":{"line":48,"column":7}},"type":"if","locations":[{"start":{"line":42,"column":6},"end":{"line":48,"column":7}},{"start":{},"end":{}}],"line":42},"3":{"loc":{"start":{"line":58,"column":6},"end":{"line":60,"column":7}},"type":"if","locations":[{"start":{"line":58,"column":6},"end":{"line":60,"column":7}},{"start":{},"end":{}}],"line":58},"4":{"loc":{"start":{"line":58,"column":10},"end":{"line":58,"column":82}},"type":"binary-expr","locations":[{"start":{"line":58,"column":11},"end":{"line":58,"column":25}},{"start":{"line":58,"column":29},"end":{"line":58,"column":43}},{"start":{"line":58,"column":49},"end":{"line":58,"column":64}},{"start":{"line":58,"column":68},"end":{"line":58,"column":81}}],"line":58},"5":{"loc":{"start":{"line":61,"column":6},"end":{"line":63,"column":7}},"type":"if","locations":[{"start":{"line":61,"column":6},"end":{"line":63,"column":7}},{"start":{},"end":{}}],"line":61},"6":{"loc":{"start":{"line":61,"column":10},"end":{"line":61,"column":73}},"type":"binary-expr","locations":[{"start":{"line":61,"column":10},"end":{"line":61,"column":23}},{"start":{"line":61,"column":27},"end":{"line":61,"column":73}}],"line":61},"7":{"loc":{"start":{"line":70,"column":6},"end":{"line":75,"column":7}},"type":"if","locations":[{"start":{"line":70,"column":6},"end":{"line":75,"column":7}},{"start":{},"end":{}}],"line":70}},"s":{"0":0,"1":0,"2":0,"3":0,"4":0,"5":0,"6":0,"7":0,"8":0,"9":0,"10":0,"11":0,"12":0,"13":0,"14":0,"15":0,"16":0,"17":0,"18":0,"19":0,"20":0,"21":0,"22":0,"23":0,"24":0,"25":0,"26":0,"27":0,"28":0,"29":0,"30":0,"31":0,"32":0,"33":0,"34":0,"35":0},"f":{"0":0,"1":0,"2":0,"3":0,"4":0,"5":0,"6":0,"7":0,"8":0,"9":0,"10":0,"11":0,"12":0},"b":{"0":[0,0],"1":[0,0],"2":[0,0],"3":[0,0],"4":[0,0,0,0],"5":[0,0],"6":[0,0],"7":[0,0]},"all":true},"/home/yan/Desktop/repo/studio-lite/apps/frontend/src/environments/environment.prod.ts":{"path":"/home/yan/Desktop/repo/studio-lite/apps/frontend/src/environments/environment.prod.ts","statementMap":{"0":{"start":{"line":1,"column":27},"end":{"line":4,"column":1}}},"fnMap":{},"branchMap":{},"s":{"0":0},"f":{},"b":{},"all":true},"/home/yan/Desktop/repo/studio-lite/apps/frontend/src/environments/environment.ts":{"path":"/home/yan/Desktop/repo/studio-lite/apps/frontend/src/environments/environment.ts","statementMap":{"0":{"start":{"line":1,"column":27},"end":{"line":4,"column":1}}},"fnMap":{},"branchMap":{},"s":{"0":0},"f":{},"b":{},"all":true},"/home/yan/Desktop/repo/studio-lite/apps/frontend/src/main.ts":{"path":"/home/yan/Desktop/repo/studio-lite/apps/frontend/src/main.ts","statementMap":{"0":{"start":{"line":39,"column":13},"end":{"line":39,"column":115}},"1":{"start":{"line":39,"column":30},"end":{"line":39,"column":115}},"2":{"start":{"line":39,"column":67},"end":{"line":39,"column":111}},"3":{"start":{"line":42,"column":2},"end":{"line":42,"column":112}},"4":{"start":{"line":44,"column":0},"end":{"line":46,"column":1}},"5":{"start":{"line":45,"column":2},"end":{"line":45,"column":19}},"6":{"start":{"line":48,"column":0},"end":{"line":100,"column":34}},"7":{"start":{"line":100,"column":16},"end":{"line":100,"column":32}}},"fnMap":{"0":{"name":"(anonymous_0)","decl":{"start":{"line":39,"column":13},"end":{"line":39,"column":14}},"loc":{"start":{"line":39,"column":30},"end":{"line":39,"column":115}},"line":39},"1":{"name":"(anonymous_1)","decl":{"start":{"line":39,"column":51},"end":{"line":39,"column":52}},"loc":{"start":{"line":39,"column":67},"end":{"line":39,"column":111}},"line":39},"2":{"name":"createTranslateLoader","decl":{"start":{"line":41,"column":16},"end":{"line":41,"column":37}},"loc":{"start":{"line":41,"column":56},"end":{"line":43,"column":1}},"line":41},"3":{"name":"(anonymous_3)","decl":{"start":{"line":100,"column":9},"end":{"line":100,"column":10}},"loc":{"start":{"line":100,"column":16},"end":{"line":100,"column":32}},"line":100}},"branchMap":{"0":{"loc":{"start":{"line":44,"column":0},"end":{"line":46,"column":1}},"type":"if","locations":[{"start":{"line":44,"column":0},"end":{"line":46,"column":1}},{"start":{},"end":{}}],"line":44}},"s":{"0":0,"1":0,"2":0,"3":0,"4":0,"5":0,"6":0,"7":0},"f":{"0":0,"1":0,"2":0,"3":0},"b":{"0":[0,0]},"all":true},"/home/yan/Desktop/repo/studio-lite/apps/frontend/src/polyfills.ts":{"path":"/home/yan/Desktop/repo/studio-lite/apps/frontend/src/polyfills.ts","statementMap":{},"fnMap":{},"branchMap":{},"s":{},"f":{},"b":{},"all":true},"/home/yan/Desktop/repo/studio-lite/apps/frontend/src/test-setup.ts":{"path":"/home/yan/Desktop/repo/studio-lite/apps/frontend/src/test-setup.ts","statementMap":{"0":{"start":{"line":3,"column":0},"end":{"line":3,"column":19}}},"fnMap":{},"branchMap":{},"s":{"0":0},"f":{},"b":{},"all":true}}